{"meta": {"format": 3, "version": "7.13.0", "timestamp": "2025-12-27T23:41:35.729671", "branch_coverage": false, "show_contexts": false}, "files": {"veritas_os/__init__.py": {"executed_lines": [0], "summary": {"covered_lines": 0, "num_statements": 0, "percent_covered": 100.0, "percent_covered_display": "100", "missing_lines": 0, "excluded_lines": 0, "percent_statements_covered": 100.0, "percent_statements_covered_display": "100"}, "missing_lines": [], "excluded_lines": [], "functions": {"": {"executed_lines": [], "summary": {"covered_lines": 0, "num_statements": 0, "percent_covered": 100.0, "percent_covered_display": "100", "missing_lines": 0, "excluded_lines": 0, "percent_statements_covered": 100.0, "percent_statements_covered_display": "100"}, "missing_lines": [], "excluded_lines": []}}, "classes": {"": {"executed_lines": [], "summary": {"covered_lines": 0, "num_statements": 0, "percent_covered": 100.0, "percent_covered_display": "100", "missing_lines": 0, "excluded_lines": 0, "percent_statements_covered": 100.0, "percent_statements_covered_display": "100"}, "missing_lines": [], "excluded_lines": []}}}, "veritas_os/api/__init__.py": {"executed_lines": [0], "summary": {"covered_lines": 0, "num_statements": 0, "percent_covered": 100.0, "percent_covered_display": "100", "missing_lines": 0, "excluded_lines": 0, "percent_statements_covered": 100.0, "percent_statements_covered_display": "100"}, "missing_lines": [], "excluded_lines": [], "functions": {"": {"executed_lines": [], "summary": {"covered_lines": 0, "num_statements": 0, "percent_covered": 100.0, "percent_covered_display": "100", "missing_lines": 0, "excluded_lines": 0, "percent_statements_covered": 100.0, "percent_statements_covered_display": "100"}, "missing_lines": [], "excluded_lines": []}}, "classes": {"": {"executed_lines": [], "summary": {"covered_lines": 0, "num_statements": 0, "percent_covered": 100.0, "percent_covered_display": "100", "missing_lines": 0, "excluded_lines": 0, "percent_statements_covered": 100.0, "percent_statements_covered_display": "100"}, "missing_lines": [], "excluded_lines": []}}}, "veritas_os/api/constants.py": {"executed_lines": [3, 14, 16, 19, 20, 37, 40, 43, 46, 48, 50, 57, 58, 59, 60, 63, 67, 83, 84, 85, 86, 87, 90, 110, 111, 112, 116], "summary": {"covered_lines": 25, "num_statements": 25, "percent_covered": 100.0, "percent_covered_display": "100", "missing_lines": 0, "excluded_lines": 1, "percent_statements_covered": 100.0, "percent_statements_covered_display": "100"}, "missing_lines": [], "excluded_lines": [20], "functions": {"DecisionStatus.__str__": {"executed_lines": [50], "summary": {"covered_lines": 1, "num_statements": 1, "percent_covered": 100.0, "percent_covered_display": "100", "missing_lines": 0, "excluded_lines": 0, "percent_statements_covered": 100.0, "percent_statements_covered_display": "100"}, "missing_lines": [], "excluded_lines": []}, "is_valid_status": {"executed_lines": [83, 84, 85, 86, 87], "summary": {"covered_lines": 5, "num_statements": 5, "percent_covered": 100.0, "percent_covered_display": "100", "missing_lines": 0, "excluded_lines": 0, "percent_statements_covered": 100.0, "percent_statements_covered_display": "100"}, "missing_lines": [], "excluded_lines": []}, "normalize_status": {"executed_lines": [110, 111, 112], "summary": {"covered_lines": 3, "num_statements": 3, "percent_covered": 100.0, "percent_covered_display": "100", "missing_lines": 0, "excluded_lines": 0, "percent_statements_covered": 100.0, "percent_statements_covered_display": "100"}, "missing_lines": [], "excluded_lines": []}, "": {"executed_lines": [3, 14, 16, 19, 20, 37, 40, 43, 46, 48, 57, 58, 59, 60, 63, 67, 90, 116], "summary": {"covered_lines": 16, "num_statements": 16, "percent_covered": 100.0, "percent_covered_display": "100", "missing_lines": 0, "excluded_lines": 1, "percent_statements_covered": 100.0, "percent_statements_covered_display": "100"}, "missing_lines": [], "excluded_lines": [20]}}, "classes": {"DecisionStatus": {"executed_lines": [50], "summary": {"covered_lines": 1, "num_statements": 1, "percent_covered": 100.0, "percent_covered_display": "100", "missing_lines": 0, "excluded_lines": 0, "percent_statements_covered": 100.0, "percent_statements_covered_display": "100"}, "missing_lines": [], "excluded_lines": []}, "": {"executed_lines": [3, 14, 16, 19, 20, 37, 40, 43, 46, 48, 57, 58, 59, 60, 63, 67, 83, 84, 85, 86, 87, 90, 110, 111, 112, 116], "summary": {"covered_lines": 24, "num_statements": 24, "percent_covered": 100.0, "percent_covered_display": "100", "missing_lines": 0, "excluded_lines": 1, "percent_statements_covered": 100.0, "percent_statements_covered_display": "100"}, "missing_lines": [], "excluded_lines": [20]}}}, "veritas_os/api/dashboard_server.py": {"executed_lines": [3, 22, 24, 25, 26, 27, 29, 30, 31, 33, 34, 38, 39, 42, 57, 60, 64, 70, 75, 76, 77, 78, 80, 81, 86, 87, 88, 93, 265, 266, 271, 272, 280, 281, 282, 284, 285, 286, 291, 299, 300, 305, 306, 311, 319, 320, 322, 325], "summary": {"covered_lines": 47, "num_statements": 63, "percent_covered": 74.60317460317461, "percent_covered_display": "75", "missing_lines": 16, "excluded_lines": 0, "percent_statements_covered": 74.60317460317461, "percent_statements_covered_display": "75"}, "missing_lines": [65, 326, 328, 329, 330, 331, 332, 333, 334, 336, 337, 338, 339, 340, 341, 343], "excluded_lines": [], "functions": {"verify_credentials": {"executed_lines": [57, 60, 64, 70], "summary": {"covered_lines": 4, "num_statements": 5, "percent_covered": 80.0, "percent_covered_display": "80", "missing_lines": 1, "excluded_lines": 0, "percent_statements_covered": 80.0, "percent_statements_covered_display": "80"}, "missing_lines": [65], "excluded_lines": []}, "get_dashboard": {"executed_lines": [93, 265, 266], "summary": {"covered_lines": 3, "num_statements": 3, "percent_covered": 100.0, "percent_covered_display": "100", "missing_lines": 0, "excluded_lines": 0, "percent_statements_covered": 100.0, "percent_statements_covered_display": "100"}, "missing_lines": [], "excluded_lines": []}, "get_status": {"executed_lines": [280, 281, 282, 284, 285, 286, 291], "summary": {"covered_lines": 7, "num_statements": 7, "percent_covered": 100.0, "percent_covered_display": "100", "missing_lines": 0, "excluded_lines": 0, "percent_statements_covered": 100.0, "percent_statements_covered_display": "100"}, "missing_lines": [], "excluded_lines": []}, "download_report": {"executed_lines": [305, 306, 311], "summary": {"covered_lines": 3, "num_statements": 3, "percent_covered": 100.0, "percent_covered_display": "100", "missing_lines": 0, "excluded_lines": 0, "percent_statements_covered": 100.0, "percent_statements_covered_display": "100"}, "missing_lines": [], "excluded_lines": []}, "health_check": {"executed_lines": [322], "summary": {"covered_lines": 1, "num_statements": 1, "percent_covered": 100.0, "percent_covered_display": "100", "missing_lines": 0, "excluded_lines": 0, "percent_statements_covered": 100.0, "percent_statements_covered_display": "100"}, "missing_lines": [], "excluded_lines": []}, "": {"executed_lines": [3, 22, 24, 25, 26, 27, 29, 30, 31, 33, 34, 38, 39, 42, 75, 76, 77, 78, 80, 81, 86, 87, 88, 271, 272, 299, 300, 319, 320, 325], "summary": {"covered_lines": 29, "num_statements": 44, "percent_covered": 65.9090909090909, "percent_covered_display": "66", "missing_lines": 15, "excluded_lines": 0, "percent_statements_covered": 65.9090909090909, "percent_statements_covered_display": "66"}, "missing_lines": [326, 328, 329, 330, 331, 332, 333, 334, 336, 337, 338, 339, 340, 341, 343], "excluded_lines": []}}, "classes": {"": {"executed_lines": [3, 22, 24, 25, 26, 27, 29, 30, 31, 33, 34, 38, 39, 42, 57, 60, 64, 70, 75, 76, 77, 78, 80, 81, 86, 87, 88, 93, 265, 266, 271, 272, 280, 281, 282, 284, 285, 286, 291, 299, 300, 305, 306, 311, 319, 320, 322, 325], "summary": {"covered_lines": 47, "num_statements": 63, "percent_covered": 74.60317460317461, "percent_covered_display": "75", "missing_lines": 16, "excluded_lines": 0, "percent_statements_covered": 74.60317460317461, "percent_statements_covered_display": "75"}, "missing_lines": [65, 326, 328, 329, 330, 331, 332, 333, 334, 336, 337, 338, 339, 340, 341, 343], "excluded_lines": []}}}, "veritas_os/api/evolver.py": {"executed_lines": [1, 2, 3, 4, 5, 6, 7, 9, 12, 14, 15, 16, 19, 21, 22, 23, 24, 25, 26, 27, 28, 31, 33, 35, 48, 50, 58, 60, 63, 64, 65, 66, 67, 68, 69, 72, 74, 77, 80, 81, 83, 91, 94, 100, 101, 103, 104, 105, 108, 109, 110, 111, 112, 113, 114, 117, 118, 119, 122, 123, 125], "summary": {"covered_lines": 61, "num_statements": 65, "percent_covered": 93.84615384615384, "percent_covered_display": "94", "missing_lines": 4, "excluded_lines": 0, "percent_statements_covered": 93.84615384615384, "percent_statements_covered_display": "94"}, "missing_lines": [54, 55, 61, 75], "excluded_lines": [], "functions": {"_extract_keywords": {"executed_lines": [14, 15, 16], "summary": {"covered_lines": 3, "num_statements": 3, "percent_covered": 100.0, "percent_covered_display": "100", "missing_lines": 0, "excluded_lines": 0, "percent_statements_covered": 100.0, "percent_statements_covered_display": "100"}, "missing_lines": [], "excluded_lines": []}, "load_persona": {"executed_lines": [21, 22, 23, 24, 25, 26, 27, 28], "summary": {"covered_lines": 8, "num_statements": 8, "percent_covered": 100.0, "percent_covered_display": "100", "missing_lines": 0, "excluded_lines": 0, "percent_statements_covered": 100.0, "percent_statements_covered_display": "100"}, "missing_lines": [], "excluded_lines": []}, "save_persona": {"executed_lines": [33, 35, 48, 50], "summary": {"covered_lines": 4, "num_statements": 6, "percent_covered": 66.66666666666667, "percent_covered_display": "67", "missing_lines": 2, "excluded_lines": 0, "percent_statements_covered": 66.66666666666667, "percent_statements_covered_display": "67"}, "missing_lines": [54, 55], "excluded_lines": []}, "apply_persona": {"executed_lines": [60, 63, 64, 65, 66, 67, 68, 69], "summary": {"covered_lines": 8, "num_statements": 9, "percent_covered": 88.88888888888889, "percent_covered_display": "89", "missing_lines": 1, "excluded_lines": 0, "percent_statements_covered": 88.88888888888889, "percent_statements_covered_display": "89"}, "missing_lines": [61], "excluded_lines": []}, "evolve_persona": {"executed_lines": [74, 77, 80, 81, 83, 91], "summary": {"covered_lines": 6, "num_statements": 7, "percent_covered": 85.71428571428571, "percent_covered_display": "86", "missing_lines": 1, "excluded_lines": 0, "percent_statements_covered": 85.71428571428571, "percent_statements_covered_display": "86"}, "missing_lines": [75], "excluded_lines": []}, "generate_suggestions": {"executed_lines": [100, 101, 103, 104, 105, 108, 109, 110, 111, 112, 113, 114, 117, 118, 119, 122, 123, 125], "summary": {"covered_lines": 18, "num_statements": 18, "percent_covered": 100.0, "percent_covered_display": "100", "missing_lines": 0, "excluded_lines": 0, "percent_statements_covered": 100.0, "percent_statements_covered_display": "100"}, "missing_lines": [], "excluded_lines": []}, "": {"executed_lines": [1, 2, 3, 4, 5, 6, 7, 9, 12, 19, 31, 58, 72, 94], "summary": {"covered_lines": 14, "num_statements": 14, "percent_covered": 100.0, "percent_covered_display": "100", "missing_lines": 0, "excluded_lines": 0, "percent_statements_covered": 100.0, "percent_statements_covered_display": "100"}, "missing_lines": [], "excluded_lines": []}}, "classes": {"": {"executed_lines": [1, 2, 3, 4, 5, 6, 7, 9, 12, 14, 15, 16, 19, 21, 22, 23, 24, 25, 26, 27, 28, 31, 33, 35, 48, 50, 58, 60, 63, 64, 65, 66, 67, 68, 69, 72, 74, 77, 80, 81, 83, 91, 94, 100, 101, 103, 104, 105, 108, 109, 110, 111, 112, 113, 114, 117, 118, 119, 122, 123, 125], "summary": {"covered_lines": 61, "num_statements": 65, "percent_covered": 93.84615384615384, "percent_covered_display": "94", "missing_lines": 4, "excluded_lines": 0, "percent_statements_covered": 93.84615384615384, "percent_statements_covered_display": "94"}, "missing_lines": [54, 55, 61, 75], "excluded_lines": []}}}, "veritas_os/api/schemas.py": {"executed_lines": [2, 4, 5, 12, 13, 15, 16, 17, 19, 20, 23, 26, 27, 28, 29, 34, 35, 37, 38, 39, 40, 41, 42, 44, 45, 56, 57, 59, 60, 61, 62, 64, 67, 68, 73, 75, 76, 77, 78, 79, 81, 82, 84, 88, 89, 90, 91, 92, 93, 97, 98, 100, 103, 106, 107, 110, 111, 114, 115, 117, 118, 119, 122, 123, 125, 126, 127, 134, 135, 137, 138, 139, 142, 143, 145, 146, 147, 148, 149, 150, 151, 158, 159, 161, 162, 163, 164, 165, 166, 168, 169, 175, 178, 180, 182, 183, 186, 187, 189, 190, 191, 194, 195, 196, 198, 205, 206, 208, 209, 210, 211, 212, 215, 216, 219, 220, 222, 223, 224, 225, 226, 227, 230, 231, 236, 238, 239, 240, 243, 245, 248, 250, 251, 252, 253, 254, 255, 256, 257, 258, 259, 262, 263, 266, 267, 270, 271, 272, 275, 278, 280, 281, 335, 338, 339, 341, 342, 343, 344, 347, 348, 350, 351, 352, 353, 354, 358, 359, 361, 362, 363, 364], "summary": {"covered_lines": 170, "num_statements": 215, "percent_covered": 79.06976744186046, "percent_covered_display": "79", "missing_lines": 45, "excluded_lines": 0, "percent_statements_covered": 79.06976744186046, "percent_statements_covered_display": "79"}, "missing_lines": [47, 48, 49, 85, 94, 99, 101, 108, 109, 170, 171, 172, 197, 283, 284, 287, 288, 290, 291, 292, 293, 296, 297, 298, 301, 302, 305, 306, 309, 310, 311, 312, 315, 316, 317, 318, 319, 320, 321, 323, 325, 326, 329, 331, 332], "excluded_lines": [], "functions": {"Option._unify_text": {"executed_lines": [], "summary": {"covered_lines": 0, "num_statements": 3, "percent_covered": 0.0, "percent_covered_display": "0", "missing_lines": 3, "excluded_lines": 0, "percent_statements_covered": 0.0, "percent_statements_covered_display": "0"}, "missing_lines": [47, 48, 49], "excluded_lines": []}, "EvidenceItem._coerce_minimum_contract": {"executed_lines": [84, 88, 89, 90, 91, 92, 93, 97, 98, 100, 103, 106, 107, 110, 111], "summary": {"covered_lines": 15, "num_statements": 21, "percent_covered": 71.42857142857143, "percent_covered_display": "71", "missing_lines": 6, "excluded_lines": 0, "percent_statements_covered": 71.42857142857143, "percent_statements_covered_display": "71"}, "missing_lines": [85, 94, 99, 101, 108, 109], "excluded_lines": []}, "AltItem._unify_text": {"executed_lines": [], "summary": {"covered_lines": 0, "num_statements": 3, "percent_covered": 0.0, "percent_covered_display": "0", "missing_lines": 3, "excluded_lines": 0, "percent_statements_covered": 0.0, "percent_statements_covered_display": "0"}, "missing_lines": [170, 171, 172], "excluded_lines": []}, "DecideRequest._unify_options": {"executed_lines": [196, 198], "summary": {"covered_lines": 2, "num_statements": 3, "percent_covered": 66.66666666666667, "percent_covered_display": "67", "missing_lines": 1, "excluded_lines": 0, "percent_statements_covered": 66.66666666666667, "percent_statements_covered_display": "67"}, "missing_lines": [197], "excluded_lines": []}, "DecideResponse._unify_and_sanitize": {"executed_lines": [], "summary": {"covered_lines": 0, "num_statements": 32, "percent_covered": 0.0, "percent_covered_display": "0", "missing_lines": 32, "excluded_lines": 0, "percent_statements_covered": 0.0, "percent_statements_covered_display": "0"}, "missing_lines": [283, 284, 287, 288, 290, 291, 292, 293, 296, 297, 298, 301, 302, 305, 306, 309, 310, 311, 312, 315, 316, 317, 318, 319, 320, 321, 323, 325, 326, 329, 331, 332], "excluded_lines": []}, "": {"executed_lines": [2, 4, 5, 12, 13, 15, 16, 17, 19, 20, 23, 26, 27, 28, 29, 34, 35, 37, 38, 39, 40, 41, 42, 44, 45, 56, 57, 59, 60, 61, 62, 64, 67, 68, 73, 75, 76, 77, 78, 79, 81, 82, 114, 115, 117, 118, 119, 122, 123, 125, 126, 127, 134, 135, 137, 138, 139, 142, 143, 145, 146, 147, 148, 149, 150, 151, 158, 159, 161, 162, 163, 164, 165, 166, 168, 169, 175, 178, 180, 182, 183, 186, 187, 189, 190, 191, 194, 195, 205, 206, 208, 209, 210, 211, 212, 215, 216, 219, 220, 222, 223, 224, 225, 226, 227, 230, 231, 236, 238, 239, 240, 243, 245, 248, 250, 251, 252, 253, 254, 255, 256, 257, 258, 259, 262, 263, 266, 267, 270, 271, 272, 275, 278, 280, 281, 335, 338, 339, 341, 342, 343, 344, 347, 348, 350, 351, 352, 353, 354, 358, 359, 361, 362, 363, 364], "summary": {"covered_lines": 153, "num_statements": 153, "percent_covered": 100.0, "percent_covered_display": "100", "missing_lines": 0, "excluded_lines": 0, "percent_statements_covered": 100.0, "percent_statements_covered_display": "100"}, "missing_lines": [], "excluded_lines": []}}, "classes": {"Context": {"executed_lines": [], "summary": {"covered_lines": 0, "num_statements": 0, "percent_covered": 100.0, "percent_covered_display": "100", "missing_lines": 0, "excluded_lines": 0, "percent_statements_covered": 100.0, "percent_statements_covered_display": "100"}, "missing_lines": [], "excluded_lines": []}, "Option": {"executed_lines": [], "summary": {"covered_lines": 0, "num_statements": 3, "percent_covered": 0.0, "percent_covered_display": "0", "missing_lines": 3, "excluded_lines": 0, "percent_statements_covered": 0.0, "percent_statements_covered_display": "0"}, "missing_lines": [47, 48, 49], "excluded_lines": []}, "ValuesOut": {"executed_lines": [], "summary": {"covered_lines": 0, "num_statements": 0, "percent_covered": 100.0, "percent_covered_display": "100", "missing_lines": 0, "excluded_lines": 0, "percent_statements_covered": 100.0, "percent_statements_covered_display": "100"}, "missing_lines": [], "excluded_lines": []}, "EvidenceItem": {"executed_lines": [84, 88, 89, 90, 91, 92, 93, 97, 98, 100, 103, 106, 107, 110, 111], "summary": {"covered_lines": 15, "num_statements": 21, "percent_covered": 71.42857142857143, "percent_covered_display": "71", "missing_lines": 6, "excluded_lines": 0, "percent_statements_covered": 71.42857142857143, "percent_statements_covered_display": "71"}, "missing_lines": [85, 94, 99, 101, 108, 109], "excluded_lines": []}, "CritiqueItem": {"executed_lines": [], "summary": {"covered_lines": 0, "num_statements": 0, "percent_covered": 100.0, "percent_covered_display": "100", "missing_lines": 0, "excluded_lines": 0, "percent_statements_covered": 100.0, "percent_statements_covered_display": "100"}, "missing_lines": [], "excluded_lines": []}, "DebateView": {"executed_lines": [], "summary": {"covered_lines": 0, "num_statements": 0, "percent_covered": 100.0, "percent_covered_display": "100", "missing_lines": 0, "excluded_lines": 0, "percent_statements_covered": 100.0, "percent_statements_covered_display": "100"}, "missing_lines": [], "excluded_lines": []}, "FujiDecision": {"executed_lines": [], "summary": {"covered_lines": 0, "num_statements": 0, "percent_covered": 100.0, "percent_covered_display": "100", "missing_lines": 0, "excluded_lines": 0, "percent_statements_covered": 100.0, "percent_statements_covered_display": "100"}, "missing_lines": [], "excluded_lines": []}, "TrustLog": {"executed_lines": [], "summary": {"covered_lines": 0, "num_statements": 0, "percent_covered": 100.0, "percent_covered_display": "100", "missing_lines": 0, "excluded_lines": 0, "percent_statements_covered": 100.0, "percent_statements_covered_display": "100"}, "missing_lines": [], "excluded_lines": []}, "AltItem": {"executed_lines": [], "summary": {"covered_lines": 0, "num_statements": 3, "percent_covered": 0.0, "percent_covered_display": "0", "missing_lines": 3, "excluded_lines": 0, "percent_statements_covered": 0.0, "percent_statements_covered_display": "0"}, "missing_lines": [170, 171, 172], "excluded_lines": []}, "DecideRequest": {"executed_lines": [196, 198], "summary": {"covered_lines": 2, "num_statements": 3, "percent_covered": 66.66666666666667, "percent_covered_display": "67", "missing_lines": 1, "excluded_lines": 0, "percent_statements_covered": 66.66666666666667, "percent_statements_covered_display": "67"}, "missing_lines": [197], "excluded_lines": []}, "Alt": {"executed_lines": [], "summary": {"covered_lines": 0, "num_statements": 0, "percent_covered": 100.0, "percent_covered_display": "100", "missing_lines": 0, "excluded_lines": 0, "percent_statements_covered": 100.0, "percent_statements_covered_display": "100"}, "missing_lines": [], "excluded_lines": []}, "Gate": {"executed_lines": [], "summary": {"covered_lines": 0, "num_statements": 0, "percent_covered": 100.0, "percent_covered_display": "100", "missing_lines": 0, "excluded_lines": 0, "percent_statements_covered": 100.0, "percent_statements_covered_display": "100"}, "missing_lines": [], "excluded_lines": []}, "DecideResponse": {"executed_lines": [], "summary": {"covered_lines": 0, "num_statements": 32, "percent_covered": 0.0, "percent_covered_display": "0", "missing_lines": 32, "excluded_lines": 0, "percent_statements_covered": 0.0, "percent_statements_covered_display": "0"}, "missing_lines": [283, 284, 287, 288, 290, 291, 292, 293, 296, 297, 298, 301, 302, 305, 306, 309, 310, 311, 312, 315, 316, 317, 318, 319, 320, 321, 323, 325, 326, 329, 331, 332], "excluded_lines": []}, "EvoTips": {"executed_lines": [], "summary": {"covered_lines": 0, "num_statements": 0, "percent_covered": 100.0, "percent_covered_display": "100", "missing_lines": 0, "excluded_lines": 0, "percent_statements_covered": 100.0, "percent_statements_covered_display": "100"}, "missing_lines": [], "excluded_lines": []}, "PersonaState": {"executed_lines": [], "summary": {"covered_lines": 0, "num_statements": 0, "percent_covered": 100.0, "percent_covered_display": "100", "missing_lines": 0, "excluded_lines": 0, "percent_statements_covered": 100.0, "percent_statements_covered_display": "100"}, "missing_lines": [], "excluded_lines": []}, "ChatRequest": {"executed_lines": [], "summary": {"covered_lines": 0, "num_statements": 0, "percent_covered": 100.0, "percent_covered_display": "100", "missing_lines": 0, "excluded_lines": 0, "percent_statements_covered": 100.0, "percent_statements_covered_display": "100"}, "missing_lines": [], "excluded_lines": []}, "": {"executed_lines": [2, 4, 5, 12, 13, 15, 16, 17, 19, 20, 23, 26, 27, 28, 29, 34, 35, 37, 38, 39, 40, 41, 42, 44, 45, 56, 57, 59, 60, 61, 62, 64, 67, 68, 73, 75, 76, 77, 78, 79, 81, 82, 114, 115, 117, 118, 119, 122, 123, 125, 126, 127, 134, 135, 137, 138, 139, 142, 143, 145, 146, 147, 148, 149, 150, 151, 158, 159, 161, 162, 163, 164, 165, 166, 168, 169, 175, 178, 180, 182, 183, 186, 187, 189, 190, 191, 194, 195, 205, 206, 208, 209, 210, 211, 212, 215, 216, 219, 220, 222, 223, 224, 225, 226, 227, 230, 231, 236, 238, 239, 240, 243, 245, 248, 250, 251, 252, 253, 254, 255, 256, 257, 258, 259, 262, 263, 266, 267, 270, 271, 272, 275, 278, 280, 281, 335, 338, 339, 341, 342, 343, 344, 347, 348, 350, 351, 352, 353, 354, 358, 359, 361, 362, 363, 364], "summary": {"covered_lines": 153, "num_statements": 153, "percent_covered": 100.0, "percent_covered_display": "100", "missing_lines": 0, "excluded_lines": 0, "percent_statements_covered": 100.0, "percent_statements_covered_display": "100"}, "missing_lines": [], "excluded_lines": []}}}, "veritas_os/api/server.py": {"executed_lines": [2, 4, 5, 6, 7, 8, 9, 10, 11, 12, 13, 14, 15, 16, 18, 19, 20, 21, 22, 25, 26, 35, 36, 39, 40, 42, 47, 49, 63, 64, 65, 66, 68, 69, 70, 71, 74, 81, 82, 83, 85, 87, 90, 93, 99, 101, 102, 104, 111, 112, 115, 126, 130, 134, 139, 144, 148, 159, 160, 161, 162, 163, 166, 167, 168, 169, 170, 173, 174, 177, 183, 186, 189, 190, 191, 192, 193, 194, 195, 206, 212, 213, 214, 217, 218, 219, 220, 221, 222, 230, 240, 241, 244, 245, 269, 276, 277, 278, 302, 309, 310, 312, 315, 316, 318, 320, 323, 324, 325, 326, 327, 333, 334, 335, 336, 348, 350, 352, 365, 366, 369, 372, 373, 374, 375, 376, 379, 385, 386, 387, 388, 389, 390, 391, 392, 396, 397, 398, 401, 402, 403, 404, 408, 409, 410, 411, 412, 413, 416, 427, 428, 429, 430, 431, 432, 433, 434, 435, 436, 437, 438, 440, 441, 442, 443, 444, 446, 450, 451, 452, 455, 460, 461, 463, 464, 465, 467, 471, 472, 474, 475, 482, 483, 485, 486, 487, 494, 495, 503, 504, 505, 506, 507, 521, 522, 526, 527, 528, 529, 532, 533, 534, 535, 536, 551, 557, 558, 559, 560, 562, 563, 565, 566, 568, 569, 570, 571, 573, 574, 577, 578, 579, 580, 583, 588, 590, 591, 596, 597, 598, 602, 603, 604, 605, 610, 617, 619, 620, 625, 626, 627, 628, 636, 637, 638, 647, 652, 653, 654, 665, 666, 679, 682, 685, 692, 696, 697, 698, 699, 702, 703, 704, 705, 711, 714, 719, 720, 721, 724, 725, 727, 728, 729, 730, 732, 739, 740, 742, 743, 744, 745, 755, 756, 758, 759, 760, 761, 768, 769, 771, 773, 774, 775, 776, 777, 778, 787, 788, 789, 790, 793, 794, 795, 796, 798, 799, 800, 801, 802, 806, 807, 810, 811, 812, 814, 815, 816, 817, 818, 819, 820, 822, 823, 840, 852, 853, 854, 857, 858, 859, 860, 863, 864, 865, 866, 867, 868, 870, 872, 873, 874, 875, 876, 877, 878, 880, 882, 883, 884, 886, 888, 889, 890, 893, 894, 895, 896, 899, 900, 901, 902, 903, 910, 911, 912, 913, 915, 916, 917, 918, 919, 920, 924, 925, 926, 927, 928, 929, 933, 948, 949, 953, 954, 957, 958, 959, 960, 961, 962, 964, 965, 972, 976, 977, 978], "summary": {"covered_lines": 395, "num_statements": 535, "percent_covered": 73.83177570093459, "percent_covered_display": "74", "missing_lines": 140, "excluded_lines": 0, "percent_statements_covered": 73.83177570093459, "percent_statements_covered_display": "74"}, "missing_lines": [43, 44, 86, 88, 103, 116, 127, 131, 135, 184, 187, 196, 197, 198, 202, 203, 215, 223, 224, 225, 226, 227, 246, 247, 249, 250, 251, 252, 254, 255, 256, 257, 258, 259, 260, 261, 262, 263, 264, 265, 280, 281, 283, 284, 285, 286, 288, 289, 290, 291, 292, 293, 294, 295, 296, 297, 298, 299, 311, 313, 319, 321, 329, 330, 332, 337, 338, 339, 340, 341, 367, 405, 445, 468, 469, 484, 523, 572, 592, 593, 594, 599, 600, 606, 607, 621, 622, 623, 639, 640, 655, 667, 668, 680, 683, 700, 701, 706, 707, 708, 709, 710, 722, 741, 746, 747, 748, 749, 750, 751, 752, 757, 762, 763, 764, 765, 770, 779, 780, 781, 782, 783, 784, 791, 803, 804, 808, 829, 830, 836, 837, 838, 861, 897, 921, 922, 930, 931, 955, 974], "excluded_lines": [], "functions": {"utc_now_iso_z": {"executed_lines": [49], "summary": {"covered_lines": 1, "num_statements": 1, "percent_covered": 100.0, "percent_covered_display": "100", "missing_lines": 0, "excluded_lines": 0, "percent_statements_covered": 100.0, "percent_statements_covered_display": "100"}, "missing_lines": [], "excluded_lines": []}, "_effective_log_paths": {"executed_lines": [81, 82, 83, 85, 87, 90], "summary": {"covered_lines": 6, "num_statements": 8, "percent_covered": 75.0, "percent_covered_display": "75", "missing_lines": 2, "excluded_lines": 0, "percent_statements_covered": 75.0, "percent_statements_covered_display": "75"}, "missing_lines": [86, 88], "excluded_lines": []}, "_effective_shadow_dir": {"executed_lines": [99, 101, 102, 104], "summary": {"covered_lines": 4, "num_statements": 5, "percent_covered": 80.0, "percent_covered_display": "80", "missing_lines": 1, "excluded_lines": 0, "percent_statements_covered": 80.0, "percent_statements_covered_display": "80"}, "missing_lines": [103], "excluded_lines": []}, "_is_placeholder": {"executed_lines": [112], "summary": {"covered_lines": 1, "num_statements": 1, "percent_covered": 100.0, "percent_covered_display": "100", "missing_lines": 0, "excluded_lines": 0, "percent_statements_covered": 100.0, "percent_statements_covered_display": "100"}, "missing_lines": [], "excluded_lines": []}, "_fuji_validate_stub": {"executed_lines": [], "summary": {"covered_lines": 0, "num_statements": 1, "percent_covered": 0.0, "percent_covered_display": "0", "missing_lines": 1, "excluded_lines": 0, "percent_statements_covered": 0.0, "percent_statements_covered_display": "0"}, "missing_lines": [116], "excluded_lines": []}, "_append_trust_log_stub": {"executed_lines": [], "summary": {"covered_lines": 0, "num_statements": 1, "percent_covered": 0.0, "percent_covered_display": "0", "missing_lines": 1, "excluded_lines": 0, "percent_statements_covered": 0.0, "percent_statements_covered_display": "0"}, "missing_lines": [127], "excluded_lines": []}, "_memory_search_stub": {"executed_lines": [], "summary": {"covered_lines": 0, "num_statements": 1, "percent_covered": 0.0, "percent_covered_display": "0", "missing_lines": 1, "excluded_lines": 0, "percent_statements_covered": 0.0, "percent_statements_covered_display": "0"}, "missing_lines": [131], "excluded_lines": []}, "_memory_get_stub": {"executed_lines": [], "summary": {"covered_lines": 0, "num_statements": 1, "percent_covered": 0.0, "percent_covered_display": "0", "missing_lines": 1, "excluded_lines": 0, "percent_statements_covered": 0.0, "percent_statements_covered_display": "0"}, "missing_lines": [135], "excluded_lines": []}, "_errstr": {"executed_lines": [174], "summary": {"covered_lines": 1, "num_statements": 1, "percent_covered": 100.0, "percent_covered_display": "100", "missing_lines": 0, "excluded_lines": 0, "percent_statements_covered": 100.0, "percent_statements_covered_display": "100"}, "missing_lines": [], "excluded_lines": []}, "get_cfg": {"executed_lines": [183, 186, 189, 190, 191, 192, 193, 194, 195], "summary": {"covered_lines": 9, "num_statements": 16, "percent_covered": 56.25, "percent_covered_display": "56", "missing_lines": 7, "excluded_lines": 0, "percent_statements_covered": 56.25, "percent_statements_covered_display": "56"}, "missing_lines": [184, 187, 196, 197, 198, 202, 203], "excluded_lines": []}, "get_decision_pipeline": {"executed_lines": [212, 213, 214, 217, 218, 219, 220, 221, 222], "summary": {"covered_lines": 9, "num_statements": 15, "percent_covered": 60.0, "percent_covered_display": "60", "missing_lines": 6, "excluded_lines": 0, "percent_statements_covered": 60.0, "percent_statements_covered_display": "60"}, "missing_lines": [215, 223, 224, 225, 226, 227], "excluded_lines": []}, "get_fuji_core": {"executed_lines": [240, 241, 244, 245], "summary": {"covered_lines": 4, "num_statements": 22, "percent_covered": 18.181818181818183, "percent_covered_display": "18", "missing_lines": 18, "excluded_lines": 0, "percent_statements_covered": 18.181818181818183, "percent_statements_covered_display": "18"}, "missing_lines": [246, 247, 249, 250, 251, 252, 254, 255, 256, 257, 258, 259, 260, 261, 262, 263, 264, 265], "excluded_lines": []}, "get_value_core": {"executed_lines": [276, 277, 278], "summary": {"covered_lines": 3, "num_statements": 21, "percent_covered": 14.285714285714286, "percent_covered_display": "14", "missing_lines": 18, "excluded_lines": 0, "percent_statements_covered": 14.285714285714286, "percent_statements_covered_display": "14"}, "missing_lines": [280, 281, 283, 284, 285, 286, 288, 289, 290, 291, 292, 293, 294, 295, 296, 297, 298, 299], "excluded_lines": []}, "get_memory_store": {"executed_lines": [309, 310, 312, 315, 316, 318, 320, 323, 324, 325, 326, 327, 333, 334, 335, 336], "summary": {"covered_lines": 16, "num_statements": 28, "percent_covered": 57.142857142857146, "percent_covered_display": "57", "missing_lines": 12, "excluded_lines": 0, "percent_statements_covered": 57.142857142857146, "percent_statements_covered_display": "57"}, "missing_lines": [311, 313, 319, 321, 329, 330, 332, 337, 338, 339, 340, 341], "excluded_lines": []}, "_get_expected_api_key": {"executed_lines": [373, 374, 375, 376], "summary": {"covered_lines": 4, "num_statements": 4, "percent_covered": 100.0, "percent_covered_display": "100", "missing_lines": 0, "excluded_lines": 0, "percent_statements_covered": 100.0, "percent_statements_covered_display": "100"}, "missing_lines": [], "excluded_lines": []}, "require_api_key": {"executed_lines": [385, 386, 387, 388, 389, 390, 391, 392], "summary": {"covered_lines": 8, "num_statements": 8, "percent_covered": 100.0, "percent_covered_display": "100", "missing_lines": 0, "excluded_lines": 0, "percent_statements_covered": 100.0, "percent_statements_covered_display": "100"}, "missing_lines": [], "excluded_lines": []}, "_cleanup_nonces": {"executed_lines": [402, 403, 404], "summary": {"covered_lines": 3, "num_statements": 4, "percent_covered": 75.0, "percent_covered_display": "75", "missing_lines": 1, "excluded_lines": 0, "percent_statements_covered": 75.0, "percent_statements_covered_display": "75"}, "missing_lines": [405], "excluded_lines": []}, "_check_and_register_nonce": {"executed_lines": [409, 410, 411, 412, 413], "summary": {"covered_lines": 5, "num_statements": 5, "percent_covered": 100.0, "percent_covered_display": "100", "missing_lines": 0, "excluded_lines": 0, "percent_statements_covered": 100.0, "percent_statements_covered_display": "100"}, "missing_lines": [], "excluded_lines": []}, "verify_signature": {"executed_lines": [427, 428, 429, 430, 431, 432, 433, 434, 435, 436, 437, 438, 440, 441, 442, 443, 444, 446], "summary": {"covered_lines": 18, "num_statements": 19, "percent_covered": 94.73684210526316, "percent_covered_display": "95", "missing_lines": 1, "excluded_lines": 0, "percent_statements_covered": 94.73684210526316, "percent_statements_covered_display": "95"}, "missing_lines": [445], "excluded_lines": []}, "enforce_rate_limit": {"executed_lines": [460, 461, 463, 464, 465, 467, 471, 472, 474, 475], "summary": {"covered_lines": 10, "num_statements": 12, "percent_covered": 83.33333333333333, "percent_covered_display": "83", "missing_lines": 2, "excluded_lines": 0, "percent_statements_covered": 83.33333333333333, "percent_statements_covered_display": "83"}, "missing_lines": [468, 469], "excluded_lines": []}, "redact": {"executed_lines": [483, 485, 486, 487], "summary": {"covered_lines": 4, "num_statements": 5, "percent_covered": 80.0, "percent_covered_display": "80", "missing_lines": 1, "excluded_lines": 0, "percent_statements_covered": 80.0, "percent_statements_covered_display": "80"}, "missing_lines": [484], "excluded_lines": []}, "_decide_example": {"executed_lines": [495], "summary": {"covered_lines": 1, "num_statements": 1, "percent_covered": 100.0, "percent_covered_display": "100", "missing_lines": 0, "excluded_lines": 0, "percent_statements_covered": 100.0, "percent_statements_covered_display": "100"}, "missing_lines": [], "excluded_lines": []}, "on_validation_error": {"executed_lines": [505, 506, 507], "summary": {"covered_lines": 3, "num_statements": 3, "percent_covered": 100.0, "percent_covered_display": "100", "missing_lines": 0, "excluded_lines": 0, "percent_statements_covered": 100.0, "percent_statements_covered_display": "100"}, "missing_lines": [], "excluded_lines": []}, "root": {"executed_lines": [], "summary": {"covered_lines": 0, "num_statements": 1, "percent_covered": 0.0, "percent_covered_display": "0", "missing_lines": 1, "excluded_lines": 0, "percent_statements_covered": 0.0, "percent_statements_covered_display": "0"}, "missing_lines": [523], "excluded_lines": []}, "health": {"executed_lines": [529], "summary": {"covered_lines": 1, "num_statements": 1, "percent_covered": 100.0, "percent_covered_display": "100", "missing_lines": 0, "excluded_lines": 0, "percent_statements_covered": 100.0, "percent_statements_covered_display": "100"}, "missing_lines": [], "excluded_lines": []}, "status": {"executed_lines": [536], "summary": {"covered_lines": 1, "num_statements": 1, "percent_covered": 100.0, "percent_covered_display": "100", "missing_lines": 0, "excluded_lines": 0, "percent_statements_covered": 100.0, "percent_statements_covered_display": "100"}, "missing_lines": [], "excluded_lines": []}, "_load_logs_json": {"executed_lines": [557, 558, 559, 560, 562, 563, 565, 566, 568, 569, 570, 571, 573, 574], "summary": {"covered_lines": 14, "num_statements": 15, "percent_covered": 93.33333333333333, "percent_covered_display": "93", "missing_lines": 1, "excluded_lines": 0, "percent_statements_covered": 93.33333333333333, "percent_statements_covered_display": "93"}, "missing_lines": [572], "excluded_lines": []}, "_save_json": {"executed_lines": [578, 579, 580], "summary": {"covered_lines": 3, "num_statements": 3, "percent_covered": 100.0, "percent_covered_display": "100", "missing_lines": 0, "excluded_lines": 0, "percent_statements_covered": 100.0, "percent_statements_covered_display": "100"}, "missing_lines": [], "excluded_lines": []}, "append_trust_log": {"executed_lines": [588, 590, 591, 596, 597, 598, 602, 603, 604, 605], "summary": {"covered_lines": 10, "num_statements": 17, "percent_covered": 58.8235294117647, "percent_covered_display": "59", "missing_lines": 7, "excluded_lines": 0, "percent_statements_covered": 58.8235294117647, "percent_statements_covered_display": "59"}, "missing_lines": [592, 593, 594, 599, 600, 606, 607], "excluded_lines": []}, "write_shadow_decide": {"executed_lines": [617, 619, 620, 625, 626, 627, 628, 636, 637, 638], "summary": {"covered_lines": 10, "num_statements": 15, "percent_covered": 66.66666666666667, "percent_covered_display": "67", "missing_lines": 5, "excluded_lines": 0, "percent_statements_covered": 66.66666666666667, "percent_statements_covered_display": "67"}, "missing_lines": [621, 622, 623, 639, 640], "excluded_lines": []}, "decide": {"executed_lines": [653, 654, 665, 666, 679, 682, 685], "summary": {"covered_lines": 7, "num_statements": 12, "percent_covered": 58.333333333333336, "percent_covered_display": "58", "missing_lines": 5, "excluded_lines": 0, "percent_statements_covered": 58.333333333333336, "percent_statements_covered_display": "58"}, "missing_lines": [655, 667, 668, 680, 683], "excluded_lines": []}, "_call_fuji": {"executed_lines": [696, 697, 698, 699, 702, 703, 704, 705, 711], "summary": {"covered_lines": 9, "num_statements": 16, "percent_covered": 56.25, "percent_covered_display": "56", "missing_lines": 7, "excluded_lines": 0, "percent_statements_covered": 56.25, "percent_statements_covered_display": "56"}, "missing_lines": [700, 701, 706, 707, 708, 709, 710], "excluded_lines": []}, "fuji_validate": {"executed_lines": [720, 721, 724, 725, 727, 728, 729, 730, 732], "summary": {"covered_lines": 9, "num_statements": 10, "percent_covered": 90.0, "percent_covered_display": "90", "missing_lines": 1, "excluded_lines": 0, "percent_statements_covered": 90.0, "percent_statements_covered_display": "90"}, "missing_lines": [722], "excluded_lines": []}, "_store_put": {"executed_lines": [740, 742, 743, 744, 745], "summary": {"covered_lines": 5, "num_statements": 13, "percent_covered": 38.46153846153846, "percent_covered_display": "38", "missing_lines": 8, "excluded_lines": 0, "percent_statements_covered": 38.46153846153846, "percent_statements_covered_display": "38"}, "missing_lines": [741, 746, 747, 748, 749, 750, 751, 752], "excluded_lines": []}, "_store_get": {"executed_lines": [756, 758, 759, 760, 761], "summary": {"covered_lines": 5, "num_statements": 10, "percent_covered": 50.0, "percent_covered_display": "50", "missing_lines": 5, "excluded_lines": 0, "percent_statements_covered": 50.0, "percent_statements_covered_display": "50"}, "missing_lines": [757, 762, 763, 764, 765], "excluded_lines": []}, "_store_search": {"executed_lines": [769, 771, 773, 774, 775, 776, 777, 778], "summary": {"covered_lines": 8, "num_statements": 15, "percent_covered": 53.333333333333336, "percent_covered_display": "53", "missing_lines": 7, "excluded_lines": 0, "percent_statements_covered": 53.333333333333336, "percent_statements_covered_display": "53"}, "missing_lines": [770, 779, 780, 781, 782, 783, 784], "excluded_lines": []}, "memory_put": {"executed_lines": [789, 790, 793, 794, 795, 796, 798, 799, 800, 801, 802, 806, 807, 810, 811, 812, 814, 815, 816, 817, 818, 819, 820, 822, 823, 840, 852, 853, 854], "summary": {"covered_lines": 29, "num_statements": 38, "percent_covered": 76.3157894736842, "percent_covered_display": "76", "missing_lines": 9, "excluded_lines": 0, "percent_statements_covered": 76.3157894736842, "percent_statements_covered_display": "76"}, "missing_lines": [791, 803, 804, 808, 829, 830, 836, 837, 838], "excluded_lines": []}, "memory_search": {"executed_lines": [859, 860, 863, 864, 865, 866, 867, 868, 870, 872, 873, 874, 875, 876, 877, 878, 880, 882, 883, 884, 886, 888, 889, 890], "summary": {"covered_lines": 24, "num_statements": 25, "percent_covered": 96.0, "percent_covered_display": "96", "missing_lines": 1, "excluded_lines": 0, "percent_statements_covered": 96.0, "percent_statements_covered_display": "96"}, "missing_lines": [861], "excluded_lines": []}, "memory_get": {"executed_lines": [895, 896, 899, 900, 901, 902, 903], "summary": {"covered_lines": 7, "num_statements": 8, "percent_covered": 87.5, "percent_covered_display": "88", "missing_lines": 1, "excluded_lines": 0, "percent_statements_covered": 87.5, "percent_statements_covered_display": "88"}, "missing_lines": [897], "excluded_lines": []}, "metrics": {"executed_lines": [912, 913, 915, 916, 917, 918, 919, 920, 924, 925, 926, 927, 928, 929, 933], "summary": {"covered_lines": 15, "num_statements": 19, "percent_covered": 78.94736842105263, "percent_covered_display": "79", "missing_lines": 4, "excluded_lines": 0, "percent_statements_covered": 78.94736842105263, "percent_statements_covered_display": "79"}, "missing_lines": [921, 922, 930, 931], "excluded_lines": []}, "trust_feedback": {"executed_lines": [953, 954, 957, 958, 959, 960, 961, 962, 964, 965, 972, 976, 977, 978], "summary": {"covered_lines": 14, "num_statements": 16, "percent_covered": 87.5, "percent_covered_display": "88", "missing_lines": 2, "excluded_lines": 0, "percent_statements_covered": 87.5, "percent_statements_covered_display": "88"}, "missing_lines": [955, 974], "excluded_lines": []}, "": {"executed_lines": [2, 4, 5, 6, 7, 8, 9, 10, 11, 12, 13, 14, 15, 16, 18, 19, 20, 21, 22, 25, 26, 35, 36, 39, 40, 42, 47, 63, 64, 65, 66, 68, 69, 70, 71, 74, 93, 111, 115, 126, 130, 134, 139, 144, 148, 159, 160, 161, 162, 163, 166, 167, 168, 169, 170, 173, 177, 206, 230, 269, 302, 348, 350, 352, 365, 366, 369, 372, 379, 396, 397, 398, 401, 408, 416, 450, 451, 452, 455, 482, 494, 503, 504, 521, 522, 526, 527, 528, 532, 533, 534, 535, 551, 577, 583, 610, 647, 652, 692, 714, 719, 739, 755, 768, 787, 788, 857, 858, 893, 894, 910, 911, 948, 949], "summary": {"covered_lines": 114, "num_statements": 117, "percent_covered": 97.43589743589743, "percent_covered_display": "97", "missing_lines": 3, "excluded_lines": 0, "percent_statements_covered": 97.43589743589743, "percent_statements_covered_display": "97"}, "missing_lines": [43, 44, 367], "excluded_lines": []}}, "classes": {"_LazyState": {"executed_lines": [], "summary": {"covered_lines": 0, "num_statements": 0, "percent_covered": 100.0, "percent_covered_display": "100", "missing_lines": 0, "excluded_lines": 0, "percent_statements_covered": 100.0, "percent_statements_covered_display": "100"}, "missing_lines": [], "excluded_lines": []}, "": {"executed_lines": [2, 4, 5, 6, 7, 8, 9, 10, 11, 12, 13, 14, 15, 16, 18, 19, 20, 21, 22, 25, 26, 35, 36, 39, 40, 42, 47, 49, 63, 64, 65, 66, 68, 69, 70, 71, 74, 81, 82, 83, 85, 87, 90, 93, 99, 101, 102, 104, 111, 112, 115, 126, 130, 134, 139, 144, 148, 159, 160, 161, 162, 163, 166, 167, 168, 169, 170, 173, 174, 177, 183, 186, 189, 190, 191, 192, 193, 194, 195, 206, 212, 213, 214, 217, 218, 219, 220, 221, 222, 230, 240, 241, 244, 245, 269, 276, 277, 278, 302, 309, 310, 312, 315, 316, 318, 320, 323, 324, 325, 326, 327, 333, 334, 335, 336, 348, 350, 352, 365, 366, 369, 372, 373, 374, 375, 376, 379, 385, 386, 387, 388, 389, 390, 391, 392, 396, 397, 398, 401, 402, 403, 404, 408, 409, 410, 411, 412, 413, 416, 427, 428, 429, 430, 431, 432, 433, 434, 435, 436, 437, 438, 440, 441, 442, 443, 444, 446, 450, 451, 452, 455, 460, 461, 463, 464, 465, 467, 471, 472, 474, 475, 482, 483, 485, 486, 487, 494, 495, 503, 504, 505, 506, 507, 521, 522, 526, 527, 528, 529, 532, 533, 534, 535, 536, 551, 557, 558, 559, 560, 562, 563, 565, 566, 568, 569, 570, 571, 573, 574, 577, 578, 579, 580, 583, 588, 590, 591, 596, 597, 598, 602, 603, 604, 605, 610, 617, 619, 620, 625, 626, 627, 628, 636, 637, 638, 647, 652, 653, 654, 665, 666, 679, 682, 685, 692, 696, 697, 698, 699, 702, 703, 704, 705, 711, 714, 719, 720, 721, 724, 725, 727, 728, 729, 730, 732, 739, 740, 742, 743, 744, 745, 755, 756, 758, 759, 760, 761, 768, 769, 771, 773, 774, 775, 776, 777, 778, 787, 788, 789, 790, 793, 794, 795, 796, 798, 799, 800, 801, 802, 806, 807, 810, 811, 812, 814, 815, 816, 817, 818, 819, 820, 822, 823, 840, 852, 853, 854, 857, 858, 859, 860, 863, 864, 865, 866, 867, 868, 870, 872, 873, 874, 875, 876, 877, 878, 880, 882, 883, 884, 886, 888, 889, 890, 893, 894, 895, 896, 899, 900, 901, 902, 903, 910, 911, 912, 913, 915, 916, 917, 918, 919, 920, 924, 925, 926, 927, 928, 929, 933, 948, 949, 953, 954, 957, 958, 959, 960, 961, 962, 964, 965, 972, 976, 977, 978], "summary": {"covered_lines": 395, "num_statements": 535, "percent_covered": 73.83177570093459, "percent_covered_display": "74", "missing_lines": 140, "excluded_lines": 0, "percent_statements_covered": 73.83177570093459, "percent_statements_covered_display": "74"}, "missing_lines": [43, 44, 86, 88, 103, 116, 127, 131, 135, 184, 187, 196, 197, 198, 202, 203, 215, 223, 224, 225, 226, 227, 246, 247, 249, 250, 251, 252, 254, 255, 256, 257, 258, 259, 260, 261, 262, 263, 264, 265, 280, 281, 283, 284, 285, 286, 288, 289, 290, 291, 292, 293, 294, 295, 296, 297, 298, 299, 311, 313, 319, 321, 329, 330, 332, 337, 338, 339, 340, 341, 367, 405, 445, 468, 469, 484, 523, 572, 592, 593, 594, 599, 600, 606, 607, 621, 622, 623, 639, 640, 655, 667, 668, 680, 683, 700, 701, 706, 707, 708, 709, 710, 722, 741, 746, 747, 748, 749, 750, 751, 752, 757, 762, 763, 764, 765, 770, 779, 780, 781, 782, 783, 784, 791, 803, 804, 808, 829, 830, 836, 837, 838, 861, 897, 921, 922, 930, 931, 955, 974], "excluded_lines": []}}}, "veritas_os/api/telos.py": {"executed_lines": [9, 10, 11, 14, 15, 17, 18, 21, 25, 27, 30, 31, 37, 39, 40, 41, 48, 49, 52, 54, 56, 57, 58, 59, 62, 63, 64, 67, 75, 76, 77, 78, 79, 80, 83, 92, 93, 94, 96, 97, 99, 101, 103, 106, 122, 124, 125, 126, 127, 130, 133, 136, 137, 139, 142, 154, 155, 156, 157, 158, 160, 161, 162, 163, 165, 195], "summary": {"covered_lines": 66, "num_statements": 66, "percent_covered": 100.0, "percent_covered_display": "100", "missing_lines": 0, "excluded_lines": 0, "percent_statements_covered": 100.0, "percent_statements_covered_display": "100"}, "missing_lines": [], "excluded_lines": [], "functions": {"TelosConfig.__post_init__": {"executed_lines": [40, 41], "summary": {"covered_lines": 2, "num_statements": 2, "percent_covered": 100.0, "percent_covered_display": "100", "missing_lines": 0, "excluded_lines": 0, "percent_statements_covered": 100.0, "percent_statements_covered_display": "100"}, "missing_lines": [], "excluded_lines": []}, "_clamp": {"executed_lines": [49], "summary": {"covered_lines": 1, "num_statements": 1, "percent_covered": 100.0, "percent_covered_display": "100", "missing_lines": 0, "excluded_lines": 0, "percent_statements_covered": 100.0, "percent_statements_covered_display": "100"}, "missing_lines": [], "excluded_lines": []}, "_weights": {"executed_lines": [54, 56, 57, 58, 59], "summary": {"covered_lines": 5, "num_statements": 5, "percent_covered": 100.0, "percent_covered_display": "100", "missing_lines": 0, "excluded_lines": 0, "percent_statements_covered": 100.0, "percent_statements_covered_display": "100"}, "missing_lines": [], "excluded_lines": []}, "_horizon_factor": {"executed_lines": [63, 64], "summary": {"covered_lines": 2, "num_statements": 2, "percent_covered": 100.0, "percent_covered_display": "100", "missing_lines": 0, "excluded_lines": 0, "percent_statements_covered": 100.0, "percent_statements_covered_display": "100"}, "missing_lines": [], "excluded_lines": []}, "_safety_boost": {"executed_lines": [75, 76, 77, 78, 79, 80], "summary": {"covered_lines": 6, "num_statements": 6, "percent_covered": 100.0, "percent_covered_display": "100", "missing_lines": 0, "excluded_lines": 0, "percent_statements_covered": 100.0, "percent_statements_covered_display": "100"}, "missing_lines": [], "excluded_lines": []}, "_progress_factor": {"executed_lines": [92, 93, 94, 96, 97, 99, 101, 103], "summary": {"covered_lines": 8, "num_statements": 8, "percent_covered": 100.0, "percent_covered_display": "100", "missing_lines": 0, "excluded_lines": 0, "percent_statements_covered": 100.0, "percent_statements_covered_display": "100"}, "missing_lines": [], "excluded_lines": []}, "telos_score": {"executed_lines": [122, 124, 125, 126, 127, 130, 133, 136, 137, 139], "summary": {"covered_lines": 10, "num_statements": 10, "percent_covered": 100.0, "percent_covered_display": "100", "missing_lines": 0, "excluded_lines": 0, "percent_statements_covered": 100.0, "percent_statements_covered_display": "100"}, "missing_lines": [], "excluded_lines": []}, "telos_debug": {"executed_lines": [154, 155, 156, 157, 158, 160, 161, 162, 163, 165], "summary": {"covered_lines": 10, "num_statements": 10, "percent_covered": 100.0, "percent_covered_display": "100", "missing_lines": 0, "excluded_lines": 0, "percent_statements_covered": 100.0, "percent_statements_covered_display": "100"}, "missing_lines": [], "excluded_lines": []}, "": {"executed_lines": [9, 10, 11, 14, 15, 17, 18, 21, 25, 27, 30, 31, 37, 39, 48, 52, 62, 67, 83, 106, 142, 195], "summary": {"covered_lines": 22, "num_statements": 22, "percent_covered": 100.0, "percent_covered_display": "100", "missing_lines": 0, "excluded_lines": 0, "percent_statements_covered": 100.0, "percent_statements_covered_display": "100"}, "missing_lines": [], "excluded_lines": []}}, "classes": {"TelosConfig": {"executed_lines": [40, 41], "summary": {"covered_lines": 2, "num_statements": 2, "percent_covered": 100.0, "percent_covered_display": "100", "missing_lines": 0, "excluded_lines": 0, "percent_statements_covered": 100.0, "percent_statements_covered_display": "100"}, "missing_lines": [], "excluded_lines": []}, "": {"executed_lines": [9, 10, 11, 14, 15, 17, 18, 21, 25, 27, 30, 31, 37, 39, 48, 49, 52, 54, 56, 57, 58, 59, 62, 63, 64, 67, 75, 76, 77, 78, 79, 80, 83, 92, 93, 94, 96, 97, 99, 101, 103, 106, 122, 124, 125, 126, 127, 130, 133, 136, 137, 139, 142, 154, 155, 156, 157, 158, 160, 161, 162, 163, 165, 195], "summary": {"covered_lines": 64, "num_statements": 64, "percent_covered": 100.0, "percent_covered_display": "100", "missing_lines": 0, "excluded_lines": 0, "percent_statements_covered": 100.0, "percent_statements_covered_display": "100"}, "missing_lines": [], "excluded_lines": []}}}, "veritas_os/core/__init__.py": {"executed_lines": [3, 5, 15, 16, 22, 36, 38, 48, 54, 55, 57, 58, 59, 61, 62, 63, 70, 71, 72, 73, 76, 90, 91, 92, 93, 94, 97, 101, 104, 106, 107, 108, 109, 110, 111], "summary": {"covered_lines": 35, "num_statements": 42, "percent_covered": 83.33333333333333, "percent_covered_display": "83", "missing_lines": 7, "excluded_lines": 0, "percent_statements_covered": 83.33333333333333, "percent_statements_covered_display": "83"}, "missing_lines": [98, 102, 112, 113, 114, 115, 116], "excluded_lines": [], "functions": {"__getattr__": {"executed_lines": [54, 55, 57, 58, 59, 61, 62, 63], "summary": {"covered_lines": 8, "num_statements": 8, "percent_covered": 100.0, "percent_covered_display": "100", "missing_lines": 0, "excluded_lines": 0, "percent_statements_covered": 100.0, "percent_statements_covered_display": "100"}, "missing_lines": [], "excluded_lines": []}, "try_import_experiments": {"executed_lines": [90, 91, 92, 93, 94, 97, 101, 104, 106, 107, 108, 109, 110, 111], "summary": {"covered_lines": 14, "num_statements": 21, "percent_covered": 66.66666666666667, "percent_covered_display": "67", "missing_lines": 7, "excluded_lines": 0, "percent_statements_covered": 66.66666666666667, "percent_statements_covered_display": "67"}, "missing_lines": [98, 102, 112, 113, 114, 115, 116], "excluded_lines": []}, "": {"executed_lines": [3, 5, 15, 16, 22, 36, 38, 48, 70, 71, 72, 73, 76], "summary": {"covered_lines": 13, "num_statements": 13, "percent_covered": 100.0, "percent_covered_display": "100", "missing_lines": 0, "excluded_lines": 0, "percent_statements_covered": 100.0, "percent_statements_covered_display": "100"}, "missing_lines": [], "excluded_lines": []}}, "classes": {"": {"executed_lines": [3, 5, 15, 16, 22, 36, 38, 48, 54, 55, 57, 58, 59, 61, 62, 63, 70, 71, 72, 73, 76, 90, 91, 92, 93, 94, 97, 101, 104, 106, 107, 108, 109, 110, 111], "summary": {"covered_lines": 35, "num_statements": 42, "percent_covered": 83.33333333333333, "percent_covered_display": "83", "missing_lines": 7, "excluded_lines": 0, "percent_statements_covered": 83.33333333333333, "percent_statements_covered_display": "83"}, "missing_lines": [98, 102, 112, 113, 114, 115, 116], "excluded_lines": []}}}, "veritas_os/core/adapt.py": {"executed_lines": [3, 5, 6, 7, 8, 9, 11, 16, 17, 18, 21, 23, 24, 25, 26, 32, 34, 41, 48, 49, 51, 52, 53, 54, 56, 57, 58, 59, 60, 61, 63, 66, 69, 75, 87, 88, 90, 91, 92, 95, 96, 97, 98, 101, 102, 104, 107, 108, 109, 111, 112, 113, 115, 116, 117, 119, 121, 127, 135, 136, 137, 138, 139, 141, 142, 145, 149, 151, 152, 153, 159, 164, 165, 166, 167, 168, 169, 171, 172, 174, 175, 176, 182, 184, 185, 186, 189, 192, 201, 203, 204, 207, 208, 209, 211, 213, 216, 217, 219, 220, 222, 223, 224, 227, 230, 240, 241, 242, 244, 245, 246, 247, 251, 252, 255, 260, 261, 263, 264, 266, 267, 269, 272, 273, 274, 276, 279, 283, 284, 285, 286, 287, 289, 290, 291, 294], "summary": {"covered_lines": 136, "num_statements": 140, "percent_covered": 97.14285714285714, "percent_covered_display": "97", "missing_lines": 4, "excluded_lines": 0, "percent_statements_covered": 97.14285714285714, "percent_statements_covered_display": "97"}, "missing_lines": [118, 170, 205, 225], "excluded_lines": [], "functions": {"_safe_float": {"executed_lines": [23, 24, 25, 26], "summary": {"covered_lines": 4, "num_statements": 4, "percent_covered": 100.0, "percent_covered_display": "100", "missing_lines": 0, "excluded_lines": 0, "percent_statements_covered": 100.0, "percent_statements_covered_display": "100"}, "missing_lines": [], "excluded_lines": []}, "_default_persona": {"executed_lines": [34], "summary": {"covered_lines": 1, "num_statements": 1, "percent_covered": 100.0, "percent_covered_display": "100", "missing_lines": 0, "excluded_lines": 0, "percent_statements_covered": 100.0, "percent_statements_covered_display": "100"}, "missing_lines": [], "excluded_lines": []}, "_ensure_persona": {"executed_lines": [48, 49, 51, 52, 53, 54, 56, 57, 58, 59, 60, 61, 63, 66, 69], "summary": {"covered_lines": 15, "num_statements": 15, "percent_covered": 100.0, "percent_covered_display": "100", "missing_lines": 0, "excluded_lines": 0, "percent_statements_covered": 100.0, "percent_statements_covered_display": "100"}, "missing_lines": [], "excluded_lines": []}, "clean_bias_weights": {"executed_lines": [87, 88, 90, 91, 92, 95, 96, 97, 98, 101, 102, 104, 107, 108, 109, 111, 112, 113, 115, 116, 117, 119, 121], "summary": {"covered_lines": 23, "num_statements": 24, "percent_covered": 95.83333333333333, "percent_covered_display": "96", "missing_lines": 1, "excluded_lines": 0, "percent_statements_covered": 95.83333333333333, "percent_statements_covered_display": "96"}, "missing_lines": [118], "excluded_lines": []}, "load_persona": {"executed_lines": [135, 136, 137, 138, 139, 141, 142], "summary": {"covered_lines": 7, "num_statements": 7, "percent_covered": 100.0, "percent_covered_display": "100", "missing_lines": 0, "excluded_lines": 0, "percent_statements_covered": 100.0, "percent_statements_covered_display": "100"}, "missing_lines": [], "excluded_lines": []}, "save_persona": {"executed_lines": [149, 151, 152, 153], "summary": {"covered_lines": 4, "num_statements": 4, "percent_covered": 100.0, "percent_covered_display": "100", "missing_lines": 0, "excluded_lines": 0, "percent_statements_covered": 100.0, "percent_statements_covered_display": "100"}, "missing_lines": [], "excluded_lines": []}, "read_recent_decisions": {"executed_lines": [164, 165, 166, 167, 168, 169, 171, 172, 174, 175, 176, 182, 184, 185, 186, 189], "summary": {"covered_lines": 16, "num_statements": 17, "percent_covered": 94.11764705882354, "percent_covered_display": "94", "missing_lines": 1, "excluded_lines": 0, "percent_statements_covered": 94.11764705882354, "percent_statements_covered_display": "94"}, "missing_lines": [170], "excluded_lines": []}, "compute_bias_from_history": {"executed_lines": [201, 203, 204, 207, 208, 209, 211, 213, 216, 217, 219, 220, 222, 223, 224, 227], "summary": {"covered_lines": 16, "num_statements": 18, "percent_covered": 88.88888888888889, "percent_covered_display": "89", "missing_lines": 2, "excluded_lines": 0, "percent_statements_covered": 88.88888888888889, "percent_statements_covered_display": "89"}, "missing_lines": [205, 225], "excluded_lines": []}, "merge_bias_to_persona": {"executed_lines": [240, 241, 242, 244, 245, 246, 247, 251, 252], "summary": {"covered_lines": 9, "num_statements": 9, "percent_covered": 100.0, "percent_covered_display": "100", "missing_lines": 0, "excluded_lines": 0, "percent_statements_covered": 100.0, "percent_statements_covered_display": "100"}, "missing_lines": [], "excluded_lines": []}, "fuzzy_bias_lookup": {"executed_lines": [260, 261, 263, 264, 266, 267, 269, 272, 273, 274, 276], "summary": {"covered_lines": 11, "num_statements": 11, "percent_covered": 100.0, "percent_covered_display": "100", "missing_lines": 0, "excluded_lines": 0, "percent_statements_covered": 100.0, "percent_statements_covered_display": "100"}, "missing_lines": [], "excluded_lines": []}, "update_persona_bias_from_history": {"executed_lines": [283, 284, 285, 286, 287, 289, 290, 291], "summary": {"covered_lines": 8, "num_statements": 8, "percent_covered": 100.0, "percent_covered_display": "100", "missing_lines": 0, "excluded_lines": 0, "percent_statements_covered": 100.0, "percent_statements_covered_display": "100"}, "missing_lines": [], "excluded_lines": []}, "": {"executed_lines": [3, 5, 6, 7, 8, 9, 11, 16, 17, 18, 21, 32, 41, 75, 127, 145, 159, 192, 230, 255, 279, 294], "summary": {"covered_lines": 22, "num_statements": 22, "percent_covered": 100.0, "percent_covered_display": "100", "missing_lines": 0, "excluded_lines": 0, "percent_statements_covered": 100.0, "percent_statements_covered_display": "100"}, "missing_lines": [], "excluded_lines": []}}, "classes": {"": {"executed_lines": [3, 5, 6, 7, 8, 9, 11, 16, 17, 18, 21, 23, 24, 25, 26, 32, 34, 41, 48, 49, 51, 52, 53, 54, 56, 57, 58, 59, 60, 61, 63, 66, 69, 75, 87, 88, 90, 91, 92, 95, 96, 97, 98, 101, 102, 104, 107, 108, 109, 111, 112, 113, 115, 116, 117, 119, 121, 127, 135, 136, 137, 138, 139, 141, 142, 145, 149, 151, 152, 153, 159, 164, 165, 166, 167, 168, 169, 171, 172, 174, 175, 176, 182, 184, 185, 186, 189, 192, 201, 203, 204, 207, 208, 209, 211, 213, 216, 217, 219, 220, 222, 223, 224, 227, 230, 240, 241, 242, 244, 245, 246, 247, 251, 252, 255, 260, 261, 263, 264, 266, 267, 269, 272, 273, 274, 276, 279, 283, 284, 285, 286, 287, 289, 290, 291, 294], "summary": {"covered_lines": 136, "num_statements": 140, "percent_covered": 97.14285714285714, "percent_covered_display": "97", "missing_lines": 4, "excluded_lines": 0, "percent_statements_covered": 97.14285714285714, "percent_statements_covered_display": "97"}, "missing_lines": [118, 170, 205, 225], "excluded_lines": []}}}, "veritas_os/core/affect.py": {"executed_lines": [3, 5, 6, 9, 12, 20, 29, 30, 31, 40, 43, 44, 45, 46, 47, 50, 51, 52, 53, 56, 58, 59, 60, 61, 62, 63, 64, 65, 68, 75, 76, 78, 79, 80, 82, 83, 86, 87, 89, 90, 92, 95, 104, 110, 113, 115, 116, 120, 121, 125, 126, 130, 131, 137, 138, 146, 149, 154, 155, 157, 158, 159, 162, 178, 190, 192, 195, 197, 200], "summary": {"covered_lines": 67, "num_statements": 84, "percent_covered": 79.76190476190476, "percent_covered_display": "80", "missing_lines": 17, "excluded_lines": 0, "percent_statements_covered": 79.76190476190476, "percent_statements_covered_display": "80"}, "missing_lines": [97, 98, 100, 101, 144, 156, 164, 165, 166, 168, 169, 170, 171, 172, 173, 175, 180], "excluded_lines": [], "functions": {"normalize_style": {"executed_lines": [58, 59, 60, 61, 62, 63, 64, 65], "summary": {"covered_lines": 8, "num_statements": 8, "percent_covered": 100.0, "percent_covered_display": "100", "missing_lines": 0, "excluded_lines": 0, "percent_statements_covered": 100.0, "percent_statements_covered_display": "100"}, "missing_lines": [], "excluded_lines": []}, "choose_style": {"executed_lines": [75, 76, 78, 79, 80, 82, 83, 86, 87, 89, 90, 92], "summary": {"covered_lines": 12, "num_statements": 12, "percent_covered": 100.0, "percent_covered_display": "100", "missing_lines": 0, "excluded_lines": 0, "percent_statements_covered": 100.0, "percent_statements_covered_display": "100"}, "missing_lines": [], "excluded_lines": []}, "make_affect_state": {"executed_lines": [], "summary": {"covered_lines": 0, "num_statements": 4, "percent_covered": 0.0, "percent_covered_display": "0", "missing_lines": 4, "excluded_lines": 0, "percent_statements_covered": 0.0, "percent_statements_covered_display": "0"}, "missing_lines": [97, 98, 100, 101], "excluded_lines": []}, "style_instructions": {"executed_lines": [110, 113, 115, 116, 120, 121, 125, 126, 130, 131, 137, 138, 146], "summary": {"covered_lines": 13, "num_statements": 14, "percent_covered": 92.85714285714286, "percent_covered_display": "93", "missing_lines": 1, "excluded_lines": 0, "percent_statements_covered": 92.85714285714286, "percent_statements_covered_display": "93"}, "missing_lines": [144], "excluded_lines": []}, "apply_style": {"executed_lines": [154, 155, 157, 158, 159], "summary": {"covered_lines": 5, "num_statements": 6, "percent_covered": 83.33333333333333, "percent_covered_display": "83", "missing_lines": 1, "excluded_lines": 0, "percent_statements_covered": 83.33333333333333, "percent_statements_covered_display": "83"}, "missing_lines": [156], "excluded_lines": []}, "apply_style_to_messages": {"executed_lines": [], "summary": {"covered_lines": 0, "num_statements": 10, "percent_covered": 0.0, "percent_covered_display": "0", "missing_lines": 10, "excluded_lines": 0, "percent_statements_covered": 0.0, "percent_statements_covered_display": "0"}, "missing_lines": [164, 165, 166, 168, 169, 170, 171, 172, 173, 175], "excluded_lines": []}, "as_dict": {"executed_lines": [], "summary": {"covered_lines": 0, "num_statements": 1, "percent_covered": 0.0, "percent_covered_display": "0", "missing_lines": 1, "excluded_lines": 0, "percent_statements_covered": 0.0, "percent_statements_covered_display": "0"}, "missing_lines": [180], "excluded_lines": []}, "generate_reason": {"executed_lines": [192], "summary": {"covered_lines": 1, "num_statements": 1, "percent_covered": 100.0, "percent_covered_display": "100", "missing_lines": 0, "excluded_lines": 0, "percent_statements_covered": 100.0, "percent_statements_covered_display": "100"}, "missing_lines": [], "excluded_lines": []}, "generate_reflection_template": {"executed_lines": [197], "summary": {"covered_lines": 1, "num_statements": 1, "percent_covered": 100.0, "percent_covered_display": "100", "missing_lines": 0, "excluded_lines": 0, "percent_statements_covered": 100.0, "percent_statements_covered_display": "100"}, "missing_lines": [], "excluded_lines": []}, "": {"executed_lines": [3, 5, 6, 9, 12, 20, 29, 30, 31, 40, 43, 44, 45, 46, 47, 50, 51, 52, 53, 56, 68, 95, 104, 149, 162, 178, 190, 195, 200], "summary": {"covered_lines": 27, "num_statements": 27, "percent_covered": 100.0, "percent_covered_display": "100", "missing_lines": 0, "excluded_lines": 0, "percent_statements_covered": 100.0, "percent_statements_covered_display": "100"}, "missing_lines": [], "excluded_lines": []}}, "classes": {"AffectConfig": {"executed_lines": [], "summary": {"covered_lines": 0, "num_statements": 0, "percent_covered": 100.0, "percent_covered_display": "100", "missing_lines": 0, "excluded_lines": 0, "percent_statements_covered": 100.0, "percent_statements_covered_display": "100"}, "missing_lines": [], "excluded_lines": []}, "AffectState": {"executed_lines": [], "summary": {"covered_lines": 0, "num_statements": 0, "percent_covered": 100.0, "percent_covered_display": "100", "missing_lines": 0, "excluded_lines": 0, "percent_statements_covered": 100.0, "percent_statements_covered_display": "100"}, "missing_lines": [], "excluded_lines": []}, "ChatMessage": {"executed_lines": [], "summary": {"covered_lines": 0, "num_statements": 0, "percent_covered": 100.0, "percent_covered_display": "100", "missing_lines": 0, "excluded_lines": 0, "percent_statements_covered": 100.0, "percent_statements_covered_display": "100"}, "missing_lines": [], "excluded_lines": []}, "": {"executed_lines": [3, 5, 6, 9, 12, 20, 29, 30, 31, 40, 43, 44, 45, 46, 47, 50, 51, 52, 53, 56, 58, 59, 60, 61, 62, 63, 64, 65, 68, 75, 76, 78, 79, 80, 82, 83, 86, 87, 89, 90, 92, 95, 104, 110, 113, 115, 116, 120, 121, 125, 126, 130, 131, 137, 138, 146, 149, 154, 155, 157, 158, 159, 162, 178, 190, 192, 195, 197, 200], "summary": {"covered_lines": 67, "num_statements": 84, "percent_covered": 79.76190476190476, "percent_covered_display": "80", "missing_lines": 17, "excluded_lines": 0, "percent_statements_covered": 79.76190476190476, "percent_statements_covered_display": "80"}, "missing_lines": [97, 98, 100, 101, 144, 156, 164, 165, 166, 168, 169, 170, 171, 172, 173, 175, 180], "excluded_lines": []}}}, "veritas_os/core/agi_goals.py": {"executed_lines": [3, 15, 17, 24, 25, 26, 27, 28, 31, 32, 34, 36, 45, 110, 115, 116, 119, 120, 121, 122, 123, 124, 126, 133, 151, 154, 157, 160, 166, 175, 176, 177, 178, 182, 187, 190, 193, 205, 207, 209, 210, 211, 212, 214, 215, 225, 228, 229, 230, 231, 234, 235, 238, 239, 244, 246], "summary": {"covered_lines": 55, "num_statements": 66, "percent_covered": 83.33333333333333, "percent_covered_display": "83", "missing_lines": 11, "excluded_lines": 0, "percent_statements_covered": 83.33333333333333, "percent_statements_covered_display": "83"}, "missing_lines": [33, 35, 117, 152, 218, 219, 220, 221, 222, 241, 242], "excluded_lines": [], "functions": {"_safe_float": {"executed_lines": [25, 26, 27, 28], "summary": {"covered_lines": 4, "num_statements": 4, "percent_covered": 100.0, "percent_covered_display": "100", "missing_lines": 0, "excluded_lines": 0, "percent_statements_covered": 100.0, "percent_statements_covered_display": "100"}, "missing_lines": [], "excluded_lines": []}, "_clip01": {"executed_lines": [32, 34, 36], "summary": {"covered_lines": 3, "num_statements": 5, "percent_covered": 60.0, "percent_covered_display": "60", "missing_lines": 2, "excluded_lines": 0, "percent_statements_covered": 60.0, "percent_statements_covered_display": "60"}, "missing_lines": [33, 35], "excluded_lines": []}, "_classify_goal": {"executed_lines": [115, 116, 119, 120, 121, 122, 123, 124, 126], "summary": {"covered_lines": 9, "num_statements": 10, "percent_covered": 90.0, "percent_covered_display": "90", "missing_lines": 1, "excluded_lines": 0, "percent_statements_covered": 90.0, "percent_statements_covered_display": "90"}, "missing_lines": [117], "excluded_lines": []}, "auto_adjust_goals": {"executed_lines": [151, 154, 157, 160, 166, 175, 176, 177, 178, 182, 187, 190, 193, 205, 207, 209, 210, 211, 212, 214, 215, 225, 228, 229, 230, 231, 234, 235, 238, 239, 244, 246], "summary": {"covered_lines": 32, "num_statements": 40, "percent_covered": 80.0, "percent_covered_display": "80", "missing_lines": 8, "excluded_lines": 0, "percent_statements_covered": 80.0, "percent_statements_covered_display": "80"}, "missing_lines": [152, 218, 219, 220, 221, 222, 241, 242], "excluded_lines": []}, "": {"executed_lines": [3, 15, 17, 24, 31, 45, 110, 133], "summary": {"covered_lines": 7, "num_statements": 7, "percent_covered": 100.0, "percent_covered_display": "100", "missing_lines": 0, "excluded_lines": 0, "percent_statements_covered": 100.0, "percent_statements_covered_display": "100"}, "missing_lines": [], "excluded_lines": []}}, "classes": {"": {"executed_lines": [3, 15, 17, 24, 25, 26, 27, 28, 31, 32, 34, 36, 45, 110, 115, 116, 119, 120, 121, 122, 123, 124, 126, 133, 151, 154, 157, 160, 166, 175, 176, 177, 178, 182, 187, 190, 193, 205, 207, 209, 210, 211, 212, 214, 215, 225, 228, 229, 230, 231, 234, 235, 238, 239, 244, 246], "summary": {"covered_lines": 55, "num_statements": 66, "percent_covered": 83.33333333333333, "percent_covered_display": "83", "missing_lines": 11, "excluded_lines": 0, "percent_statements_covered": 83.33333333333333, "percent_statements_covered_display": "83"}, "missing_lines": [33, 35, 117, 152, 218, 219, 220, 221, 222, 241, 242], "excluded_lines": []}}}, "veritas_os/core/code_planner.py": {"executed_lines": [3, 14, 16, 17, 18, 19, 20, 22, 23, 25, 29, 30, 33, 34, 37, 38, 43, 44, 45, 46, 47, 48, 49, 50, 53, 58, 59, 61, 62, 63, 64, 67, 68, 69, 71, 74, 75, 78, 79, 80, 81, 82, 85, 86, 93, 94, 95, 96, 97, 98, 99, 102, 103, 104, 105, 106, 107, 108, 109, 110, 111, 114, 115, 116, 117, 118, 119, 122, 123, 124, 128, 129, 131, 132, 133, 135, 136, 137, 139, 140, 154, 158, 159, 161, 162, 165, 166, 167, 169, 178, 185, 186, 187, 189, 190, 191, 193, 194, 195, 197, 210, 222, 223, 224, 227, 229, 232, 238, 242, 243, 244, 246, 247, 248, 253, 263, 273, 283, 284, 296, 313, 330, 347, 348, 365, 376, 387, 398, 408, 413, 419, 420, 423], "summary": {"covered_lines": 128, "num_statements": 143, "percent_covered": 89.5104895104895, "percent_covered_display": "90", "missing_lines": 15, "excluded_lines": 0, "percent_statements_covered": 89.5104895104895, "percent_statements_covered_display": "90"}, "missing_lines": [65, 66, 72, 163, 168, 228, 233, 234, 235, 237, 424, 426, 427, 432, 433], "excluded_lines": [], "functions": {"_load_json": {"executed_lines": [44, 45, 46, 47, 48, 49, 50], "summary": {"covered_lines": 7, "num_statements": 7, "percent_covered": 100.0, "percent_covered_display": "100", "missing_lines": 0, "excluded_lines": 0, "percent_statements_covered": 100.0, "percent_statements_covered_display": "100"}, "missing_lines": [], "excluded_lines": []}, "_find_latest_bench_log": {"executed_lines": [58, 59, 61, 62, 63, 64, 67, 68, 69, 71, 74, 75], "summary": {"covered_lines": 12, "num_statements": 15, "percent_covered": 80.0, "percent_covered_display": "80", "missing_lines": 3, "excluded_lines": 0, "percent_statements_covered": 80.0, "percent_statements_covered_display": "80"}, "missing_lines": [65, 66, 72], "excluded_lines": []}, "_safe_float": {"executed_lines": [79, 80, 81, 82], "summary": {"covered_lines": 4, "num_statements": 4, "percent_covered": 100.0, "percent_covered_display": "100", "missing_lines": 0, "excluded_lines": 0, "percent_statements_covered": 100.0, "percent_statements_covered_display": "100"}, "missing_lines": [], "excluded_lines": []}, "_now_iso": {"executed_lines": [86], "summary": {"covered_lines": 1, "num_statements": 1, "percent_covered": 100.0, "percent_covered_display": "100", "missing_lines": 0, "excluded_lines": 0, "percent_statements_covered": 100.0, "percent_statements_covered_display": "100"}, "missing_lines": [], "excluded_lines": []}, "CodeChangePlan.to_dict": {"executed_lines": [140], "summary": {"covered_lines": 1, "num_statements": 1, "percent_covered": 100.0, "percent_covered_display": "100", "missing_lines": 0, "excluded_lines": 0, "percent_statements_covered": 100.0, "percent_statements_covered_display": "100"}, "missing_lines": [], "excluded_lines": []}, "_summarize_doctor": {"executed_lines": [158, 159, 161, 162, 165, 166, 167, 169, 178], "summary": {"covered_lines": 9, "num_statements": 11, "percent_covered": 81.81818181818181, "percent_covered_display": "82", "missing_lines": 2, "excluded_lines": 0, "percent_statements_covered": 81.81818181818181, "percent_statements_covered_display": "82"}, "missing_lines": [163, 168], "excluded_lines": []}, "_summarize_bench": {"executed_lines": [186, 187, 189, 190, 191, 193, 194, 195, 197], "summary": {"covered_lines": 9, "num_statements": 9, "percent_covered": 100.0, "percent_covered_display": "100", "missing_lines": 0, "excluded_lines": 0, "percent_statements_covered": 100.0, "percent_statements_covered_display": "100"}, "missing_lines": [], "excluded_lines": []}, "generate_code_change_plan": {"executed_lines": [222, 223, 224, 227, 229, 232, 238, 242, 243, 244, 246, 247, 248, 253, 263, 273, 283, 284, 296, 313, 330, 347, 348, 365, 376, 387, 398, 408], "summary": {"covered_lines": 28, "num_statements": 33, "percent_covered": 84.84848484848484, "percent_covered_display": "85", "missing_lines": 5, "excluded_lines": 0, "percent_statements_covered": 84.84848484848484, "percent_statements_covered_display": "85"}, "missing_lines": [228, 233, 234, 235, 237], "excluded_lines": []}, "main_cli": {"executed_lines": [419, 420], "summary": {"covered_lines": 2, "num_statements": 2, "percent_covered": 100.0, "percent_covered_display": "100", "missing_lines": 0, "excluded_lines": 0, "percent_statements_covered": 100.0, "percent_statements_covered_display": "100"}, "missing_lines": [], "excluded_lines": []}, "": {"executed_lines": [3, 14, 16, 17, 18, 19, 20, 22, 23, 25, 29, 30, 33, 34, 37, 38, 43, 53, 78, 85, 93, 94, 95, 96, 97, 98, 99, 102, 103, 104, 105, 106, 107, 108, 109, 110, 111, 114, 115, 116, 117, 118, 119, 122, 123, 124, 128, 129, 131, 132, 133, 135, 136, 137, 139, 154, 185, 210, 413, 423], "summary": {"covered_lines": 55, "num_statements": 60, "percent_covered": 91.66666666666667, "percent_covered_display": "92", "missing_lines": 5, "excluded_lines": 0, "percent_statements_covered": 91.66666666666667, "percent_statements_covered_display": "92"}, "missing_lines": [424, 426, 427, 432, 433], "excluded_lines": []}}, "classes": {"ChangeTarget": {"executed_lines": [], "summary": {"covered_lines": 0, "num_statements": 0, "percent_covered": 100.0, "percent_covered_display": "100", "missing_lines": 0, "excluded_lines": 0, "percent_statements_covered": 100.0, "percent_statements_covered_display": "100"}, "missing_lines": [], "excluded_lines": []}, "CodeChange": {"executed_lines": [], "summary": {"covered_lines": 0, "num_statements": 0, "percent_covered": 100.0, "percent_covered_display": "100", "missing_lines": 0, "excluded_lines": 0, "percent_statements_covered": 100.0, "percent_statements_covered_display": "100"}, "missing_lines": [], "excluded_lines": []}, "TestSuggestion": {"executed_lines": [], "summary": {"covered_lines": 0, "num_statements": 0, "percent_covered": 100.0, "percent_covered_display": "100", "missing_lines": 0, "excluded_lines": 0, "percent_statements_covered": 100.0, "percent_statements_covered_display": "100"}, "missing_lines": [], "excluded_lines": []}, "CodeChangePlan": {"executed_lines": [140], "summary": {"covered_lines": 1, "num_statements": 1, "percent_covered": 100.0, "percent_covered_display": "100", "missing_lines": 0, "excluded_lines": 0, "percent_statements_covered": 100.0, "percent_statements_covered_display": "100"}, "missing_lines": [], "excluded_lines": []}, "": {"executed_lines": [3, 14, 16, 17, 18, 19, 20, 22, 23, 25, 29, 30, 33, 34, 37, 38, 43, 44, 45, 46, 47, 48, 49, 50, 53, 58, 59, 61, 62, 63, 64, 67, 68, 69, 71, 74, 75, 78, 79, 80, 81, 82, 85, 86, 93, 94, 95, 96, 97, 98, 99, 102, 103, 104, 105, 106, 107, 108, 109, 110, 111, 114, 115, 116, 117, 118, 119, 122, 123, 124, 128, 129, 131, 132, 133, 135, 136, 137, 139, 154, 158, 159, 161, 162, 165, 166, 167, 169, 178, 185, 186, 187, 189, 190, 191, 193, 194, 195, 197, 210, 222, 223, 224, 227, 229, 232, 238, 242, 243, 244, 246, 247, 248, 253, 263, 273, 283, 284, 296, 313, 330, 347, 348, 365, 376, 387, 398, 408, 413, 419, 420, 423], "summary": {"covered_lines": 127, "num_statements": 142, "percent_covered": 89.43661971830986, "percent_covered_display": "89", "missing_lines": 15, "excluded_lines": 0, "percent_statements_covered": 89.43661971830986, "percent_statements_covered_display": "89"}, "missing_lines": [65, 66, 72, 163, 168, 228, 233, 234, 235, 237, 424, 426, 427, 432, 433], "excluded_lines": []}}}, "veritas_os/core/config.py": {"executed_lines": [2, 4, 5, 6, 9, 10, 12, 18, 24, 25, 29, 34, 38, 39, 40, 41, 42, 44, 45, 48, 49, 50, 51, 53, 55, 57, 58, 61, 64, 65, 67, 68, 70, 72, 74, 75, 77, 78, 80, 81, 83, 84, 87, 88, 89, 90, 93], "summary": {"covered_lines": 47, "num_statements": 47, "percent_covered": 100.0, "percent_covered_display": "100", "missing_lines": 0, "excluded_lines": 0, "percent_statements_covered": 100.0, "percent_statements_covered_display": "100"}, "missing_lines": [], "excluded_lines": [], "functions": {"VeritasConfig.__post_init__": {"executed_lines": [57, 58, 61, 64, 65, 67, 68, 70, 72, 74, 75, 77, 78, 80, 81, 83, 84, 87, 88, 89, 90], "summary": {"covered_lines": 21, "num_statements": 21, "percent_covered": 100.0, "percent_covered_display": "100", "missing_lines": 0, "excluded_lines": 0, "percent_statements_covered": 100.0, "percent_statements_covered_display": "100"}, "missing_lines": [], "excluded_lines": []}, "": {"executed_lines": [2, 4, 5, 6, 9, 10, 12, 18, 24, 25, 29, 34, 38, 39, 40, 41, 42, 44, 45, 48, 49, 50, 51, 53, 55, 93], "summary": {"covered_lines": 26, "num_statements": 26, "percent_covered": 100.0, "percent_covered_display": "100", "missing_lines": 0, "excluded_lines": 0, "percent_statements_covered": 100.0, "percent_statements_covered_display": "100"}, "missing_lines": [], "excluded_lines": []}}, "classes": {"VeritasConfig": {"executed_lines": [57, 58, 61, 64, 65, 67, 68, 70, 72, 74, 75, 77, 78, 80, 81, 83, 84, 87, 88, 89, 90], "summary": {"covered_lines": 21, "num_statements": 21, "percent_covered": 100.0, "percent_covered_display": "100", "missing_lines": 0, "excluded_lines": 0, "percent_statements_covered": 100.0, "percent_statements_covered_display": "100"}, "missing_lines": [], "excluded_lines": []}, "": {"executed_lines": [2, 4, 5, 6, 9, 10, 12, 18, 24, 25, 29, 34, 38, 39, 40, 41, 42, 44, 45, 48, 49, 50, 51, 53, 55, 93], "summary": {"covered_lines": 26, "num_statements": 26, "percent_covered": 100.0, "percent_covered_display": "100", "missing_lines": 0, "excluded_lines": 0, "percent_statements_covered": 100.0, "percent_statements_covered_display": "100"}, "missing_lines": [], "excluded_lines": []}}}, "veritas_os/core/critique.py": {"executed_lines": [3, 44, 46, 49, 51, 58, 65, 73, 124, 125, 127, 130, 131, 132, 133, 134, 135, 137, 138, 143, 144, 145, 146, 160, 167, 168, 169, 170, 187, 188, 189, 203, 204, 205, 222, 223, 224, 238, 239, 240, 241, 255, 256, 257, 271, 272, 273, 279, 280, 294, 297, 323, 324, 331, 332, 333, 335, 336, 337, 339, 340, 342, 345, 347, 349, 350, 352, 360, 387, 388, 390, 391, 392, 393, 394, 396, 399, 400, 401, 404], "summary": {"covered_lines": 79, "num_statements": 104, "percent_covered": 75.96153846153847, "percent_covered_display": "76", "missing_lines": 25, "excluded_lines": 0, "percent_statements_covered": 75.96153846153847, "percent_statements_covered_display": "76"}, "missing_lines": [275, 343, 406, 408, 414, 415, 420, 421, 422, 423, 424, 426, 434, 438, 447, 448, 449, 450, 452, 453, 454, 456, 457, 458, 459], "excluded_lines": [], "functions": {"_crit": {"executed_lines": [65], "summary": {"covered_lines": 1, "num_statements": 1, "percent_covered": 100.0, "percent_covered_display": "100", "missing_lines": 0, "excluded_lines": 0, "percent_statements_covered": 100.0, "percent_statements_covered_display": "100"}, "missing_lines": [], "excluded_lines": []}, "analyze": {"executed_lines": [124, 125, 127, 130, 131, 132, 133, 134, 135, 137, 138, 143, 144, 145, 146, 160, 167, 168, 169, 170, 187, 188, 189, 203, 204, 205, 222, 223, 224, 238, 239, 240, 241, 255, 256, 257, 271, 272, 273, 279, 280, 294], "summary": {"covered_lines": 42, "num_statements": 43, "percent_covered": 97.67441860465117, "percent_covered_display": "98", "missing_lines": 1, "excluded_lines": 0, "percent_statements_covered": 97.67441860465117, "percent_statements_covered_display": "98"}, "missing_lines": [275], "excluded_lines": []}, "summarize_critiques": {"executed_lines": [323, 324, 331, 332, 333, 335, 336, 337, 339, 340, 342, 345, 347, 349, 350, 352], "summary": {"covered_lines": 16, "num_statements": 17, "percent_covered": 94.11764705882354, "percent_covered_display": "94", "missing_lines": 1, "excluded_lines": 0, "percent_statements_covered": 94.11764705882354, "percent_statements_covered_display": "94"}, "missing_lines": [343], "excluded_lines": []}, "filter_by_severity": {"executed_lines": [387, 388, 390, 391, 392, 393, 394, 396], "sum
[...]
ered_lines": 1, "num_statements": 1, "percent_covered": 100.0, "percent_covered_display": "100", "missing_lines": 0, "excluded_lines": 0, "percent_statements_covered": 100.0, "percent_statements_covered_display": "100"}, "missing_lines": [], "excluded_lines": []}, "test_inject_state_into_context_with_list_projects": {"executed_lines": [158, 185, 186, 188, 202, 204, 206, 207, 208, 209, 210], "summary": {"covered_lines": 11, "num_statements": 11, "percent_covered": 100.0, "percent_covered_display": "100", "missing_lines": 0, "excluded_lines": 0, "percent_statements_covered": 100.0, "percent_statements_covered_display": "100"}, "missing_lines": [], "excluded_lines": []}, "test_inject_state_into_context_with_dict_projects": {"executed_lines": [215, 231, 232, 233, 235, 237, 238, 239], "summary": {"covered_lines": 8, "num_statements": 8, "percent_covered": 100.0, "percent_covered_display": "100", "missing_lines": 0, "excluded_lines": 0, "percent_statements_covered": 100.0, "percent_statements_covered_display": "100"}, "missing_lines": [], "excluded_lines": []}, "test_simulate_uses_load_state_when_no_context": {"executed_lines": [248, 257, 259, 261, 262, 263, 264], "summary": {"covered_lines": 7, "num_statements": 7, "percent_covered": 100.0, "percent_covered_display": "100", "missing_lines": 0, "excluded_lines": 0, "percent_statements_covered": 100.0, "percent_statements_covered_display": "100"}, "missing_lines": [], "excluded_lines": []}, "test_simulate_decision_injects_world_state": {"executed_lines": [269, 271, 281, 283, 290, 291], "summary": {"covered_lines": 6, "num_statements": 6, "percent_covered": 100.0, "percent_covered_display": "100", "missing_lines": 0, "excluded_lines": 0, "percent_statements_covered": 100.0, "percent_statements_covered_display": "100"}, "missing_lines": [], "excluded_lines": []}, "test_simulate_decision_injects_world_state.fake_simulate": {"executed_lines": [272, 273], "summary": {"covered_lines": 2, "num_statements": 2, "percent_covered": 100.0, "percent_covered_display": "100", "missing_lines": 0, "excluded_lines": 0, "percent_statements_covered": 100.0, "percent_statements_covered_display": "100"}, "missing_lines": [], "excluded_lines": []}, "_make_world_for_hint": {"executed_lines": [299], "summary": {"covered_lines": 1, "num_statements": 1, "percent_covered": 100.0, "percent_covered_display": "100", "missing_lines": 0, "excluded_lines": 0, "percent_statements_covered": 100.0, "percent_statements_covered_display": "100"}, "missing_lines": [], "excluded_lines": []}, "test_next_hint_stage_collect_decisions": {"executed_lines": [310, 311, 312, 314, 316], "summary": {"covered_lines": 5, "num_statements": 5, "percent_covered": 100.0, "percent_covered_display": "100", "missing_lines": 0, "excluded_lines": 0, "percent_statements_covered": 100.0, "percent_statements_covered_display": "100"}, "missing_lines": [], "excluded_lines": []}, "test_next_hint_stage_stabilize_and_research_and_benchmarks_and_review": {"executed_lines": [323, 324, 329, 330, 331, 332, 335, 336, 341, 342, 343, 344, 347, 350, 355, 356, 357, 358, 361, 364, 369, 370, 371, 372], "summary": {"covered_lines": 24, "num_statements": 24, "percent_covered": 100.0, "percent_covered_display": "100", "missing_lines": 0, "excluded_lines": 0, "percent_statements_covered": 100.0, "percent_statements_covered_display": "100"}, "missing_lines": [], "excluded_lines": []}, "": {"executed_lines": [2, 3, 5, 12, 46, 65, 79, 92, 106, 117, 129, 141, 156, 213, 246, 267, 298, 308, 319], "summary": {"covered_lines": 19, "num_statements": 19, "percent_covered": 100.0, "percent_covered_display": "100", "missing_lines": 0, "excluded_lines": 0, "percent_statements_covered": 100.0, "percent_statements_covered_display": "100"}, "missing_lines": [], "excluded_lines": []}}, "classes": {"": {"executed_lines": [2, 3, 5, 12, 14, 15, 29, 30, 32, 34, 35, 36, 37, 38, 39, 46, 48, 58, 60, 61, 62, 65, 67, 68, 70, 71, 72, 79, 81, 82, 84, 85, 88, 89, 92, 94, 95, 97, 98, 99, 106, 108, 109, 111, 112, 114, 117, 119, 120, 122, 123, 125, 126, 129, 131, 132, 134, 135, 137, 138, 141, 143, 144, 146, 147, 149, 156, 158, 185, 186, 188, 202, 204, 206, 207, 208, 209, 210, 213, 215, 231, 232, 233, 235, 237, 238, 239, 246, 248, 257, 259, 261, 262, 263, 264, 267, 269, 271, 272, 273, 281, 283, 290, 291, 298, 299, 308, 310, 311, 312, 314, 316, 319, 323, 324, 329, 330, 331, 332, 335, 336, 341, 342, 343, 344, 347, 350, 355, 356, 357, 358, 361, 364, 369, 370, 371, 372], "summary": {"covered_lines": 137, "num_statements": 137, "percent_covered": 100.0, "percent_covered_display": "100", "missing_lines": 0, "excluded_lines": 0, "percent_statements_covered": 100.0, "percent_statements_covered_display": "100"}, "missing_lines": [], "excluded_lines": []}}}, "veritas_os/tools/__init__.py": {"executed_lines": [4, 8, 10, 12, 13, 14, 17, 22, 23, 29, 30, 36, 38, 46], "summary": {"covered_lines": 13, "num_statements": 13, "percent_covered": 100.0, "percent_covered_display": "100", "missing_lines": 0, "excluded_lines": 0, "percent_statements_covered": 100.0, "percent_statements_covered_display": "100"}, "missing_lines": [], "excluded_lines": [], "functions": {"call_tool": {"executed_lines": [22, 23, 29, 30, 36, 38, 46], "summary": {"covered_lines": 7, "num_statements": 7, "percent_covered": 100.0, "percent_covered_display": "100", "missing_lines": 0, "excluded_lines": 0, "percent_statements_covered": 100.0, "percent_statements_covered_display": "100"}, "missing_lines": [], "excluded_lines": []}, "": {"executed_lines": [4, 8, 10, 12, 13, 14, 17], "summary": {"covered_lines": 6, "num_statements": 6, "percent_covered": 100.0, "percent_covered_display": "100", "missing_lines": 0, "excluded_lines": 0, "percent_statements_covered": 100.0, "percent_statements_covered_display": "100"}, "missing_lines": [], "excluded_lines": []}}, "classes": {"": {"executed_lines": [4, 8, 10, 12, 13, 14, 17, 22, 23, 29, 30, 36, 38, 46], "summary": {"covered_lines": 13, "num_statements": 13, "percent_covered": 100.0, "percent_covered_display": "100", "missing_lines": 0, "excluded_lines": 0, "percent_statements_covered": 100.0, "percent_statements_covered_display": "100"}, "missing_lines": [], "excluded_lines": []}}}, "veritas_os/tools/coverage_map_pipeline.py": {"executed_lines": [], "summary": {"covered_lines": 0, "num_statements": 71, "percent_covered": 0.0, "percent_covered_display": "0", "missing_lines": 71, "excluded_lines": 0, "percent_statements_covered": 0.0, "percent_statements_covered_display": "0"}, "missing_lines": [2, 4, 5, 6, 7, 9, 10, 11, 13, 14, 16, 17, 18, 19, 20, 21, 23, 24, 25, 26, 27, 29, 30, 31, 32, 34, 35, 36, 37, 38, 40, 41, 42, 43, 44, 46, 47, 48, 50, 51, 52, 53, 54, 56, 57, 58, 59, 60, 61, 62, 64, 65, 66, 67, 70, 71, 72, 75, 76, 79, 80, 81, 82, 83, 86, 87, 88, 89, 90, 92, 93], "excluded_lines": [], "functions": {"load_cov": {"executed_lines": [], "summary": {"covered_lines": 0, "num_statements": 1, "percent_covered": 0.0, "percent_covered_display": "0", "missing_lines": 1, "excluded_lines": 0, "percent_statements_covered": 0.0, "percent_statements_covered_display": "0"}, "missing_lines": [14], "excluded_lines": []}, "find_target_file": {"executed_lines": [], "summary": {"covered_lines": 0, "num_statements": 5, "percent_covered": 0.0, "percent_covered_display": "0", "missing_lines": 5, "excluded_lines": 0, "percent_statements_covered": 0.0, "percent_statements_covered_display": "0"}, "missing_lines": [17, 18, 19, 20, 21], "excluded_lines": []}, "index_defs": {"executed_lines": [], "summary": {"covered_lines": 0, "num_statements": 9, "percent_covered": 0.0, "percent_covered_display": "0", "missing_lines": 9, "excluded_lines": 0, "percent_statements_covered": 0.0, "percent_statements_covered_display": "0"}, "missing_lines": [24, 25, 26, 29, 34, 40, 46, 47, 48], "excluded_lines": []}, "index_defs.Stack.__init__": {"executed_lines": [], "summary": {"covered_lines": 0, "num_statements": 1, "percent_covered": 0.0, "percent_covered_display": "0", "missing_lines": 1, "excluded_lines": 0, "percent_statements_covered": 0.0, "percent_statements_covered_display": "0"}, "missing_lines": [27], "excluded_lines": []}, "index_defs.Stack.visit_ClassDef": {"executed_lines": [], "summary": {"covered_lines": 0, "num_statements": 3, "percent_covered": 0.0, "percent_covered_display": "0", "missing_lines": 3, "excluded_lines": 0, "percent_statements_covered": 0.0, "percent_statements_covered_display": "0"}, "missing_lines": [30, 31, 32], "excluded_lines": []}, "index_defs.Stack.visit_FunctionDef": {"executed_lines": [], "summary": {"covered_lines": 0, "num_statements": 4, "percent_covered": 0.0, "percent_covered_display": "0", "missing_lines": 4, "excluded_lines": 0, "percent_statements_covered": 0.0, "percent_statements_covered_display": "0"}, "missing_lines": [35, 36, 37, 38], "excluded_lines": []}, "index_defs.Stack.visit_AsyncFunctionDef": {"executed_lines": [], "summary": {"covered_lines": 0, "num_statements": 4, "percent_covered": 0.0, "percent_covered_display": "0", "missing_lines": 4, "excluded_lines": 0, "percent_statements_covered": 0.0, "percent_statements_covered_display": "0"}, "missing_lines": [41, 42, 43, 44], "excluded_lines": []}, "owner": {"executed_lines": [], "summary": {"covered_lines": 0, "num_statements": 4, "percent_covered": 0.0, "percent_covered_display": "0", "missing_lines": 4, "excluded_lines": 0, "percent_statements_covered": 0.0, "percent_statements_covered_display": "0"}, "missing_lines": [51, 52, 53, 54], "excluded_lines": []}, "main": {"executed_lines": [], "summary": {"covered_lines": 0, "num_statements": 25, "percent_covered": 0.0, "percent_covered_display": "0", "missing_lines": 25, "excluded_lines": 0, "percent_statements_covered": 0.0, "percent_statements_covered_display": "0"}, "missing_lines": [57, 58, 59, 60, 61, 62, 64, 65, 66, 67, 70, 71, 72, 75, 76, 79, 80, 81, 82, 83, 86, 87, 88, 89, 90], "excluded_lines": []}, "": {"executed_lines": [], "summary": {"covered_lines": 0, "num_statements": 15, "percent_covered": 0.0, "percent_covered_display": "0", "missing_lines": 15, "excluded_lines": 0, "percent_statements_covered": 0.0, "percent_statements_covered_display": "0"}, "missing_lines": [2, 4, 5, 6, 7, 9, 10, 11, 13, 16, 23, 50, 56, 92, 93], "excluded_lines": []}}, "classes": {"index_defs.Stack": {"executed_lines": [], "summary": {"covered_lines": 0, "num_statements": 12, "percent_covered": 0.0, "percent_covered_display": "0", "missing_lines": 12, "excluded_lines": 0, "percent_statements_covered": 0.0, "percent_statements_covered_display": "0"}, "missing_lines": [27, 30, 31, 32, 35, 36, 37, 38, 41, 42, 43, 44], "excluded_lines": []}, "": {"executed_lines": [], "summary": {"covered_lines": 0, "num_statements": 59, "percent_covered": 0.0, "percent_covered_display": "0", "missing_lines": 59, "excluded_lines": 0, "percent_statements_covered": 0.0, "percent_statements_covered_display": "0"}, "missing_lines": [2, 4, 5, 6, 7, 9, 10, 11, 13, 14, 16, 17, 18, 19, 20, 21, 23, 24, 25, 26, 29, 34, 40, 46, 47, 48, 50, 51, 52, 53, 54, 56, 57, 58, 59, 60, 61, 62, 64, 65, 66, 67, 70, 71, 72, 75, 76, 79, 80, 81, 82, 83, 86, 87, 88, 89, 90, 92, 93], "excluded_lines": []}}}, "veritas_os/tools/github_adapter.py": {"executed_lines": [4, 9, 10, 13, 16, 19, 27, 28, 29, 30, 31, 32, 33, 34, 37, 49, 50, 56, 58, 59, 65, 66, 70, 75, 76, 77, 78, 79, 80, 86, 87, 88, 89, 98], "summary": {"covered_lines": 33, "num_statements": 33, "percent_covered": 100.0, "percent_covered_display": "100", "missing_lines": 0, "excluded_lines": 0, "percent_statements_covered": 100.0, "percent_statements_covered_display": "100"}, "missing_lines": [], "excluded_lines": [], "functions": {"_prepare_query": {"executed_lines": [27, 28, 29, 30, 31, 32, 33, 34], "summary": {"covered_lines": 8, "num_statements": 8, "percent_covered": 100.0, "percent_covered_display": "100", "missing_lines": 0, "excluded_lines": 0, "percent_statements_covered": 100.0, "percent_statements_covered_display": "100"}, "missing_lines": [], "excluded_lines": []}, "github_search_repos": {"executed_lines": [49, 50, 56, 58, 59, 65, 66, 70, 75, 76, 77, 78, 79, 80, 86, 87, 88, 89, 98], "summary": {"covered_lines": 19, "num_statements": 19, "percent_covered": 100.0, "percent_covered_display": "100", "missing_lines": 0, "excluded_lines": 0, "percent_statements_covered": 100.0, "percent_statements_covered_display": "100"}, "missing_lines": [], "excluded_lines": []}, "": {"executed_lines": [4, 9, 10, 13, 16, 19, 37], "summary": {"covered_lines": 6, "num_statements": 6, "percent_covered": 100.0, "percent_covered_display": "100", "missing_lines": 0, "excluded_lines": 0, "percent_statements_covered": 100.0, "percent_statements_covered_display": "100"}, "missing_lines": [], "excluded_lines": []}}, "classes": {"": {"executed_lines": [4, 9, 10, 13, 16, 19, 27, 28, 29, 30, 31, 32, 33, 34, 37, 49, 50, 56, 58, 59, 65, 66, 70, 75, 76, 77, 78, 79, 80, 86, 87, 88, 89, 98], "summary": {"covered_lines": 33, "num_statements": 33, "percent_covered": 100.0, "percent_covered_display": "100", "missing_lines": 0, "excluded_lines": 0, "percent_statements_covered": 100.0, "percent_statements_covered_display": "100"}, "missing_lines": [], "excluded_lines": []}}}, "veritas_os/tools/llm_safety.py": {"executed_lines": [3, 22, 23, 24, 25, 26, 27, 29, 31, 39, 44, 49, 50, 51, 52, 55, 56, 59, 61, 62, 63, 64, 66, 67, 68, 69, 70, 71, 75, 76, 77, 78, 79, 80, 81, 82, 83, 85, 86, 87, 88, 90, 91, 93, 107, 108, 109, 110, 111, 114, 124, 125, 128, 129, 132, 133, 135, 142, 151, 152, 187, 190, 191, 196, 197, 198, 200, 213, 223, 225, 227, 228, 229, 235, 237, 238, 239, 240, 243], "summary": {"covered_lines": 78, "num_statements": 81, "percent_covered": 96.29629629629629, "percent_covered_display": "96", "missing_lines": 3, "excluded_lines": 2, "percent_statements_covered": 96.29629629629629, "percent_statements_covered_display": "96"}, "missing_lines": [126, 192, 194], "excluded_lines": [32, 33], "functions": {"_norm": {"executed_lines": [56], "summary": {"covered_lines": 1, "num_statements": 1, "percent_covered": 100.0, "percent_covered_display": "100", "missing_lines": 0, "excluded_lines": 0, "percent_statements_covered": 100.0, "percent_statements_covered_display": "100"}, "missing_lines": [], "excluded_lines": []}, "_heuristic_analyze": {"executed_lines": [61, 62, 63, 64, 66, 67, 68, 69, 70, 71, 75, 76, 77, 78, 79, 80, 81, 82, 83, 85, 86, 87, 88, 90, 91, 93], "summary": {"covered_lines": 26, "num_statements": 26, "percent_covered": 100.0, "percent_covered_display": "100", "missing_lines": 0, "excluded_lines": 0, "percent_statements_covered": 100.0, "percent_statements_covered_display": "100"}, "missing_lines": [], "excluded_lines": []}, "_llm_available": {"executed_lines": [108, 109, 110, 111], "summary": {"covered_lines": 4, "num_statements": 4, "percent_covered": 100.0, "percent_covered_display": "100", "missing_lines": 0, "excluded_lines": 0, "percent_statements_covered": 100.0, "percent_statements_covered_display": "100"}, "missing_lines": [], "excluded_lines": []}, "_analyze_with_llm": {"executed_lines": [124, 125, 128, 129, 132, 133, 135, 142, 151, 152, 187, 190, 191, 196, 197, 198, 200], "summary": {"covered_lines": 17, "num_statements": 20, "percent_covered": 85.0, "percent_covered_display": "85", "missing_lines": 3, "excluded_lines": 0, "percent_statements_covered": 85.0, "percent_statements_covered_display": "85"}, "missing_lines": [126, 192, 194], "excluded_lines": []}, "run": {"executed_lines": [223, 225, 227, 228, 229, 235, 237, 238, 239, 240, 243], "summary": {"covered_lines": 11, "num_statements": 11, "percent_covered": 100.0, "percent_covered_display": "100", "missing_lines": 0, "excluded_lines": 0, "percent_statements_covered": 100.0, "percent_statements_covered_display": "100"}, "missing_lines": [], "excluded_lines": []}, "": {"executed_lines": [3, 22, 23, 24, 25, 26, 27, 29, 31, 39, 44, 49, 50, 51, 52, 55, 59, 107, 114, 213], "summary": {"covered_lines": 19, "num_statements": 19, "percent_covered": 100.0, "percent_covered_display": "100", "missing_lines": 0, "excluded_lines": 2, "percent_statements_covered": 100.0, "percent_statements_covered_display": "100"}, "missing_lines": [], "excluded_lines": [32, 33]}}, "classes": {"": {"executed_lines": [3, 22, 23, 24, 25, 26, 27, 29, 31, 39, 44, 49, 50, 51, 52, 55, 56, 59, 61, 62, 63, 64, 66, 67, 68, 69, 70, 71, 75, 76, 77, 78, 79, 80, 81, 82, 83, 85, 86, 87, 88, 90, 91, 93, 107, 108, 109, 110, 111, 114, 124, 125, 128, 129, 132, 133, 135, 142, 151, 152, 187, 190, 191, 196, 197, 198, 200, 213, 223, 225, 227, 228, 229, 235, 237, 238, 239, 240, 243], "summary": {"covered_lines": 78, "num_statements": 81, "percent_covered": 96.29629629629629, "percent_covered_display": "96", "missing_lines": 3, "excluded_lines": 2, "percent_statements_covered": 96.29629629629629, "percent_statements_covered_display": "96"}, "missing_lines": [126, 192, 194], "excluded_lines": [32, 33]}}}, "veritas_os/tools/web_search.py": {"executed_lines": [2, 33, 34, 36, 38, 39, 44, 51, 61, 63, 64, 65, 66, 67, 69, 71, 74, 76, 77, 80, 81, 84, 85, 86, 88, 91, 101, 102, 108, 109, 115, 118, 119, 121, 128, 133, 134, 135, 137, 138, 140, 141, 142, 143, 144, 153, 154, 155, 156, 161, 164, 165, 177, 178, 191, 192, 203, 204], "summary": {"covered_lines": 57, "num_statements": 58, "percent_covered": 98.27586206896552, "percent_covered_display": "98", "missing_lines": 1, "excluded_lines": 1, "percent_statements_covered": 98.27586206896552, "percent_statements_covered_display": "98"}, "missing_lines": [70], "excluded_lines": [2], "functions": {"_is_agi_query": {"executed_lines": [63, 64, 65, 66, 67, 69, 71], "summary": {"covered_lines": 7, "num_statements": 8, "percent_covered": 87.5, "percent_covered_display": "88", "missing_lines": 1, "excluded_lines": 0, "percent_statements_covered": 87.5, "percent_statements_covered_display": "88"}, "missing_lines": [70], "excluded_lines": []}, "_looks_agi_result": {"executed_lines": [76, 77, 80, 81, 84, 85, 86, 88], "summary": {"covered_lines": 8, "num_statements": 8, "percent_covered": 100.0, "percent_covered_display": "100", "missing_lines": 0, "excluded_lines": 0, "percent_statements_covered": 100.0, "percent_statements_covered_display": "100"}, "missing_lines": [], "excluded_lines": []}, "web_search": {"executed_lines": [101, 102, 108, 109, 115, 118, 119, 121, 128, 133, 134, 135, 137, 138, 140, 141, 142, 143, 144, 153, 154, 155, 156, 161, 164, 165, 177, 178, 191, 192, 203, 204], "summary": {"covered_lines": 32, "num_statements": 32, "percent_covered": 100.0, "percent_covered_display": "100", "missing_lines": 0, "excluded_lines": 0, "percent_statements_covered": 100.0, "percent_statements_covered_display": "100"}, "missing_lines": [], "excluded_lines": []}, "": {"executed_lines": [2, 33, 34, 36, 38, 39, 44, 51, 61, 74, 91], "summary": {"covered_lines": 10, "num_statements": 10, "percent_covered": 100.0, "percent_covered_display": "100", "missing_lines": 0, "excluded_lines": 1, "percent_statements_covered": 100.0, "percent_statements_covered_display": "100"}, "missing_lines": [], "excluded_lines": [2]}}, "classes": {"": {"executed_lines": [2, 33, 34, 36, 38, 39, 44, 51, 61, 63, 64, 65, 66, 67, 69, 71, 74, 76, 77, 80, 81, 84, 85, 86, 88, 91, 101, 102, 108, 109, 115, 118, 119, 121, 128, 133, 134, 135, 137, 138, 140, 141, 142, 143, 144, 153, 154, 155, 156, 161, 164, 165, 177, 178, 191, 192, 203, 204], "summary": {"covered_lines": 57, "num_statements": 58, "percent_covered": 98.27586206896552, "percent_covered_display": "98", "missing_lines": 1, "excluded_lines": 1, "percent_statements_covered": 98.27586206896552, "percent_statements_covered_display": "98"}, "missing_lines": [70], "excluded_lines": [2]}}}}, "totals": {"covered_lines": 13391, "num_statements": 15091, "percent_covered": 88.73500762043602, "percent_covered_display": "89", "missing_lines": 1700, "excluded_lines": 102, "percent_statements_covered": 88.73500762043602, "percent_statements_covered_display": "89"}}